<?xml version="1.0" encoding="UTF-8"?>
<coverage generated="1773294532936" clover="3.2.0">
  <project timestamp="1773294532936" name="All files">
    <metrics statements="206" coveredstatements="185" conditionals="74" coveredconditionals="63" methods="63" coveredmethods="51" elements="343" coveredelements="299" complexity="0" loc="206" ncloc="206" packages="13" files="28" classes="28"/>
    <package name="Applications.security">
      <metrics statements="6" coveredstatements="0" conditionals="0" coveredconditionals="0" methods="6" coveredmethods="0"/>
      <file name="AuthenticationTokenManager.js" path="/Users/rijalmyd/Documents/Documents - Rijal’s MacBook Air/auth-api/src/Applications/security/AuthenticationTokenManager.js">
        <metrics statements="4" coveredstatements="0" conditionals="0" coveredconditionals="0" methods="4" coveredmethods="0"/>
        <line num="3" count="0" type="stmt"/>
        <line num="7" count="0" type="stmt"/>
        <line num="11" count="0" type="stmt"/>
        <line num="15" count="0" type="stmt"/>
      </file>
      <file name="PasswordHash.js" path="/Users/rijalmyd/Documents/Documents - Rijal’s MacBook Air/auth-api/src/Applications/security/PasswordHash.js">
        <metrics statements="2" coveredstatements="0" conditionals="0" coveredconditionals="0" methods="2" coveredmethods="0"/>
        <line num="3" count="0" type="stmt"/>
        <line num="7" count="0" type="stmt"/>
      </file>
    </package>
    <package name="Applications.use_case">
      <metrics statements="41" coveredstatements="40" conditionals="8" coveredconditionals="7" methods="10" coveredmethods="10"/>
      <file name="AddUserUseCase.js" path="/Users/rijalmyd/Documents/Documents - Rijal’s MacBook Air/auth-api/src/Applications/use_case/AddUserUseCase.js">
        <metrics statements="6" coveredstatements="6" conditionals="0" coveredconditionals="0" methods="2" coveredmethods="2"/>
        <line num="5" count="1" type="stmt"/>
        <line num="6" count="1" type="stmt"/>
        <line num="10" count="9" type="stmt"/>
        <line num="11" count="9" type="stmt"/>
        <line num="12" count="4" type="stmt"/>
        <line num="13" count="4" type="stmt"/>
      </file>
      <file name="LoginUserUseCase.js" path="/Users/rijalmyd/Documents/Documents - Rijal’s MacBook Air/auth-api/src/Applications/use_case/LoginUserUseCase.js">
        <metrics statements="12" coveredstatements="12" conditionals="0" coveredconditionals="0" methods="2" coveredmethods="2"/>
        <line num="11" count="1" type="stmt"/>
        <line num="12" count="1" type="stmt"/>
        <line num="13" count="1" type="stmt"/>
        <line num="14" count="1" type="stmt"/>
        <line num="18" count="6" type="stmt"/>
        <line num="20" count="6" type="stmt"/>
        <line num="22" count="3" type="stmt"/>
        <line num="24" count="2" type="stmt"/>
        <line num="25" count="2" type="stmt"/>
        <line num="27" count="2" type="stmt"/>
        <line num="32" count="2" type="stmt"/>
        <line num="34" count="2" type="stmt"/>
      </file>
      <file name="LogoutUserUseCase.js" path="/Users/rijalmyd/Documents/Documents - Rijal’s MacBook Air/auth-api/src/Applications/use_case/LogoutUserUseCase.js">
        <metrics statements="10" coveredstatements="9" conditionals="4" coveredconditionals="3" methods="3" coveredmethods="3"/>
        <line num="5" count="1" type="stmt"/>
        <line num="9" count="3" type="stmt"/>
        <line num="10" count="3" type="stmt"/>
        <line num="12" count="3" type="stmt"/>
        <line num="13" count="1" type="stmt"/>
        <line num="17" count="3" type="stmt"/>
        <line num="19" count="3" type="cond" truecount="2" falsecount="0"/>
        <line num="20" count="1" type="stmt"/>
        <line num="23" count="2" type="cond" truecount="1" falsecount="1"/>
        <line num="24" count="0" type="stmt"/>
      </file>
      <file name="RefreshAuthenticationUseCase.js" path="/Users/rijalmyd/Documents/Documents - Rijal’s MacBook Air/auth-api/src/Applications/use_case/RefreshAuthenticationUseCase.js">
        <metrics statements="13" coveredstatements="13" conditionals="4" coveredconditionals="4" methods="3" coveredmethods="3"/>
        <line num="6" count="1" type="stmt"/>
        <line num="7" count="1" type="stmt"/>
        <line num="11" count="5" type="stmt"/>
        <line num="12" count="5" type="stmt"/>
        <line num="14" count="5" type="stmt"/>
        <line num="15" count="2" type="stmt"/>
        <line num="17" count="1" type="stmt"/>
        <line num="19" count="1" type="stmt"/>
        <line num="23" count="5" type="stmt"/>
        <line num="25" count="5" type="cond" truecount="2" falsecount="0"/>
        <line num="26" count="1" type="stmt"/>
        <line num="29" count="4" type="cond" truecount="2" falsecount="0"/>
        <line num="30" count="1" type="stmt"/>
      </file>
    </package>
    <package name="Commons">
      <metrics statements="4" coveredstatements="3" conditionals="6" coveredconditionals="3" methods="0" coveredmethods="0"/>
      <file name="config.js" path="/Users/rijalmyd/Documents/Documents - Rijal’s MacBook Air/auth-api/src/Commons/config.js">
        <metrics statements="4" coveredstatements="3" conditionals="6" coveredconditionals="3" methods="0" coveredmethods="0"/>
        <line num="5" count="1" type="cond" truecount="1" falsecount="1"/>
        <line num="6" count="1" type="stmt"/>
        <line num="10" count="0" type="stmt"/>
        <line num="13" count="1" type="stmt"/>
      </file>
    </package>
    <package name="Commons.exceptions">
      <metrics statements="12" coveredstatements="11" conditionals="5" coveredconditionals="4" methods="4" coveredmethods="4"/>
      <file name="AuthenticationError.js" path="/Users/rijalmyd/Documents/Documents - Rijal’s MacBook Air/auth-api/src/Commons/exceptions/AuthenticationError.js">
        <metrics statements="2" coveredstatements="2" conditionals="0" coveredconditionals="0" methods="1" coveredmethods="1"/>
        <line num="5" count="1" type="stmt"/>
        <line num="6" count="1" type="stmt"/>
      </file>
      <file name="ClientError.js" path="/Users/rijalmyd/Documents/Documents - Rijal’s MacBook Air/auth-api/src/Commons/exceptions/ClientError.js">
        <metrics statements="5" coveredstatements="4" conditionals="3" coveredconditionals="2" methods="1" coveredmethods="1"/>
        <line num="3" count="16" type="stmt"/>
        <line num="5" count="16" type="cond" truecount="1" falsecount="1"/>
        <line num="6" count="0" type="stmt"/>
        <line num="9" count="16" type="stmt"/>
        <line num="10" count="16" type="stmt"/>
      </file>
      <file name="DomainErrorTranslator.js" path="/Users/rijalmyd/Documents/Documents - Rijal’s MacBook Air/auth-api/src/Commons/exceptions/DomainErrorTranslator.js">
        <metrics statements="3" coveredstatements="3" conditionals="2" coveredconditionals="2" methods="1" coveredmethods="1"/>
        <line num="3" count="1" type="stmt"/>
        <line num="5" count="17" type="cond" truecount="2" falsecount="0"/>
        <line num="9" count="1" type="stmt"/>
      </file>
      <file name="InvariantError.js" path="/Users/rijalmyd/Documents/Documents - Rijal’s MacBook Air/auth-api/src/Commons/exceptions/InvariantError.js">
        <metrics statements="2" coveredstatements="2" conditionals="0" coveredconditionals="0" methods="1" coveredmethods="1"/>
        <line num="5" count="15" type="stmt"/>
        <line num="6" count="15" type="stmt"/>
      </file>
    </package>
    <package name="Domains.authentications">
      <metrics statements="3" coveredstatements="0" conditionals="0" coveredconditionals="0" methods="3" coveredmethods="0"/>
      <file name="AuthenticationRepository.js" path="/Users/rijalmyd/Documents/Documents - Rijal’s MacBook Air/auth-api/src/Domains/authentications/AuthenticationRepository.js">
        <metrics statements="3" coveredstatements="0" conditionals="0" coveredconditionals="0" methods="3" coveredmethods="0"/>
        <line num="3" count="0" type="stmt"/>
        <line num="7" count="0" type="stmt"/>
        <line num="11" count="0" type="stmt"/>
      </file>
    </package>
    <package name="Domains.authentications.entities">
      <metrics statements="8" coveredstatements="6" conditionals="8" coveredconditionals="6" methods="2" coveredmethods="2"/>
      <file name="NewAuth.js" path="/Users/rijalmyd/Documents/Documents - Rijal’s MacBook Air/auth-api/src/Domains/authentications/entities/NewAuth.js">
        <metrics statements="8" coveredstatements="6" conditionals="8" coveredconditionals="6" methods="2" coveredmethods="2"/>
        <line num="3" count="2" type="stmt"/>
        <line num="5" count="2" type="stmt"/>
        <line num="7" count="2" type="stmt"/>
        <line num="8" count="2" type="stmt"/>
        <line num="12" count="2" type="cond" truecount="3" falsecount="1"/>
        <line num="13" count="0" type="stmt"/>
        <line num="16" count="2" type="cond" truecount="3" falsecount="1"/>
        <line num="17" count="0" type="stmt"/>
      </file>
    </package>
    <package name="Domains.users">
      <metrics statements="3" coveredstatements="0" conditionals="0" coveredconditionals="0" methods="3" coveredmethods="0"/>
      <file name="UserRepository.js" path="/Users/rijalmyd/Documents/Documents - Rijal’s MacBook Air/auth-api/src/Domains/users/UserRepository.js">
        <metrics statements="3" coveredstatements="0" conditionals="0" coveredconditionals="0" methods="3" coveredmethods="0"/>
        <line num="3" count="0" type="stmt"/>
        <line num="7" count="0" type="stmt"/>
        <line num="11" count="0" type="stmt"/>
      </file>
    </package>
    <package name="Domains.users.entities">
      <metrics statements="34" coveredstatements="30" conditionals="36" coveredconditionals="32" methods="6" coveredmethods="6"/>
      <file name="RegisterUser.js" path="/Users/rijalmyd/Documents/Documents - Rijal’s MacBook Air/auth-api/src/Domains/users/entities/RegisterUser.js">
        <metrics statements="13" coveredstatements="13" conditionals="14" coveredconditionals="14" methods="2" coveredmethods="2"/>
        <line num="3" count="9" type="stmt"/>
        <line num="5" count="9" type="stmt"/>
        <line num="7" count="9" type="stmt"/>
        <line num="8" count="9" type="stmt"/>
        <line num="9" count="9" type="stmt"/>
        <line num="13" count="9" type="cond" truecount="5" falsecount="0"/>
        <line num="14" count="1" type="stmt"/>
        <line num="17" count="8" type="cond" truecount="5" falsecount="0"/>
        <line num="18" count="1" type="stmt"/>
        <line num="21" count="7" type="cond" truecount="2" falsecount="0"/>
        <line num="22" count="1" type="stmt"/>
        <line num="25" count="6" type="cond" truecount="2" falsecount="0"/>
        <line num="26" count="1" type="stmt"/>
      </file>
      <file name="RegisteredUser.js" path="/Users/rijalmyd/Documents/Documents - Rijal’s MacBook Air/auth-api/src/Domains/users/entities/RegisteredUser.js">
        <metrics statements="9" coveredstatements="7" conditionals="10" coveredconditionals="8" methods="2" coveredmethods="2"/>
        <line num="3" count="4" type="stmt"/>
        <line num="5" count="4" type="stmt"/>
        <line num="7" count="4" type="stmt"/>
        <line num="8" count="4" type="stmt"/>
        <line num="9" count="4" type="stmt"/>
        <line num="13" count="4" type="cond" truecount="4" falsecount="1"/>
        <line num="14" count="0" type="stmt"/>
        <line num="17" count="4" type="cond" truecount="4" falsecount="1"/>
        <line num="18" count="0" type="stmt"/>
      </file>
      <file name="UserLogin.js" path="/Users/rijalmyd/Documents/Documents - Rijal’s MacBook Air/auth-api/src/Domains/users/entities/UserLogin.js">
        <metrics statements="12" coveredstatements="10" conditionals="12" coveredconditionals="10" methods="2" coveredmethods="2"/>
        <line num="3" count="6" type="stmt"/>
        <line num="5" count="6" type="stmt"/>
        <line num="7" count="6" type="stmt"/>
        <line num="8" count="6" type="stmt"/>
        <line num="12" count="6" type="cond" truecount="4" falsecount="0"/>
        <line num="13" count="1" type="stmt"/>
        <line num="16" count="5" type="cond" truecount="4" falsecount="0"/>
        <line num="17" count="1" type="stmt"/>
        <line num="20" count="4" type="cond" truecount="1" falsecount="1"/>
        <line num="21" count="0" type="stmt"/>
        <line num="24" count="4" type="cond" truecount="1" falsecount="1"/>
        <line num="25" count="0" type="stmt"/>
      </file>
    </package>
    <package name="Infrastructures.http">
      <metrics statements="13" coveredstatements="13" conditionals="2" coveredconditionals="2" methods="3" coveredmethods="3"/>
      <file name="createServer.js" path="/Users/rijalmyd/Documents/Documents - Rijal’s MacBook Air/auth-api/src/Infrastructures/http/createServer.js">
        <metrics statements="13" coveredstatements="13" conditionals="2" coveredconditionals="2" methods="3" coveredmethods="3"/>
        <line num="7" count="1" type="stmt"/>
        <line num="8" count="22" type="stmt"/>
        <line num="10" count="22" type="stmt"/>
        <line num="11" count="22" type="stmt"/>
        <line num="12" count="22" type="stmt"/>
        <line num="13" count="22" type="stmt"/>
        <line num="14" count="1" type="stmt"/>
        <line num="19" count="22" type="stmt"/>
        <line num="20" count="17" type="stmt"/>
        <line num="22" count="17" type="cond" truecount="2" falsecount="0"/>
        <line num="23" count="15" type="stmt"/>
        <line num="29" count="2" type="stmt"/>
        <line num="35" count="22" type="stmt"/>
      </file>
    </package>
    <package name="Infrastructures.repository">
      <metrics statements="27" coveredstatements="27" conditionals="6" coveredconditionals="6" methods="8" coveredmethods="8"/>
      <file name="AuthenticationRepositoryPostgres.js" path="/Users/rijalmyd/Documents/Documents - Rijal’s MacBook Air/auth-api/src/Infrastructures/repository/AuthenticationRepositoryPostgres.js">
        <metrics statements="10" coveredstatements="10" conditionals="2" coveredconditionals="2" methods="4" coveredmethods="4"/>
        <line num="6" count="1" type="stmt"/>
        <line num="7" count="1" type="stmt"/>
        <line num="11" count="2" type="stmt"/>
        <line num="16" count="2" type="stmt"/>
        <line num="20" count="4" type="stmt"/>
        <line num="25" count="4" type="stmt"/>
        <line num="27" count="4" type="cond" truecount="2" falsecount="0"/>
        <line num="28" count="2" type="stmt"/>
        <line num="33" count="1" type="stmt"/>
        <line num="38" count="1" type="stmt"/>
      </file>
      <file name="UserRepositoryPostgres.js" path="/Users/rijalmyd/Documents/Documents - Rijal’s MacBook Air/auth-api/src/Infrastructures/repository/UserRepositoryPostgres.js">
        <metrics statements="17" coveredstatements="17" conditionals="4" coveredconditionals="4" methods="4" coveredmethods="4"/>
        <line num="7" count="1" type="stmt"/>
        <line num="8" count="1" type="stmt"/>
        <line num="9" count="1" type="stmt"/>
        <line num="13" count="5" type="stmt"/>
        <line num="18" count="5" type="stmt"/>
        <line num="20" count="5" type="cond" truecount="2" falsecount="0"/>
        <line num="21" count="1" type="stmt"/>
        <line num="26" count="4" type="stmt"/>
        <line num="27" count="4" type="stmt"/>
        <line num="29" count="4" type="stmt"/>
        <line num="34" count="4" type="stmt"/>
        <line num="36" count="4" type="stmt"/>
        <line num="40" count="4" type="stmt"/>
        <line num="45" count="4" type="stmt"/>
        <line num="47" count="4" type="cond" truecount="2" falsecount="0"/>
        <line num="48" count="1" type="stmt"/>
        <line num="51" count="3" type="stmt"/>
      </file>
    </package>
    <package name="Infrastructures.security">
      <metrics statements="15" coveredstatements="15" conditionals="3" coveredconditionals="3" methods="8" coveredmethods="8"/>
      <file name="BcryptPasswordHash.js" path="/Users/rijalmyd/Documents/Documents - Rijal’s MacBook Air/auth-api/src/Infrastructures/security/BcryptPasswordHash.js">
        <metrics statements="7" coveredstatements="7" conditionals="3" coveredconditionals="3" methods="3" coveredmethods="3"/>
        <line num="6" count="1" type="stmt"/>
        <line num="7" count="1" type="stmt"/>
        <line num="8" count="1" type="stmt"/>
        <line num="12" count="4" type="stmt"/>
        <line num="16" count="3" type="stmt"/>
        <line num="18" count="3" type="cond" truecount="2" falsecount="0"/>
        <line num="19" count="1" type="stmt"/>
      </file>
      <file name="JwtAuthenticationTokenManager.js" path="/Users/rijalmyd/Documents/Documents - Rijal’s MacBook Air/auth-api/src/Infrastructures/security/JwtAuthenticationTokenManager.js">
        <metrics statements="8" coveredstatements="8" conditionals="0" coveredconditionals="0" methods="5" coveredmethods="5"/>
        <line num="7" count="1" type="stmt"/>
        <line num="8" count="1" type="stmt"/>
        <line num="12" count="3" type="stmt"/>
        <line num="20" count="3" type="stmt"/>
        <line num="24" count="3" type="stmt"/>
        <line num="25" count="3" type="stmt"/>
        <line num="27" count="1" type="stmt"/>
        <line num="32" count="1" type="stmt"/>
      </file>
    </package>
    <package name="Interfaces.http.api.authentications">
      <metrics statements="28" coveredstatements="28" conditionals="0" coveredconditionals="0" methods="6" coveredmethods="6"/>
      <file name="controller.js" path="/Users/rijalmyd/Documents/Documents - Rijal’s MacBook Air/auth-api/src/Interfaces/http/api/authentications/controller.js">
        <metrics statements="19" coveredstatements="19" conditionals="0" coveredconditionals="0" methods="4" coveredmethods="4"/>
        <line num="7" count="22" type="stmt"/>
        <line num="9" count="22" type="stmt"/>
        <line num="10" count="22" type="stmt"/>
        <line num="11" count="22" type="stmt"/>
        <line num="15" count="6" type="stmt"/>
        <line num="16" count="6" type="stmt"/>
        <line num="17" count="6" type="stmt"/>
        <line num="19" count="2" type="stmt"/>
        <line num="27" count="4" type="stmt"/>
        <line num="32" count="5" type="stmt"/>
        <line num="33" count="5" type="stmt"/>
        <line num="34" count="5" type="stmt"/>
        <line num="36" count="1" type="stmt"/>
        <line num="43" count="4" type="stmt"/>
        <line num="48" count="3" type="stmt"/>
        <line num="49" count="3" type="stmt"/>
        <line num="50" count="3" type="stmt"/>
        <line num="52" count="1" type="stmt"/>
        <line num="56" count="2" type="stmt"/>
      </file>
      <file name="index.js" path="/Users/rijalmyd/Documents/Documents - Rijal’s MacBook Air/auth-api/src/Interfaces/http/api/authentications/index.js">
        <metrics statements="3" coveredstatements="3" conditionals="0" coveredconditionals="0" methods="1" coveredmethods="1"/>
        <line num="4" count="1" type="stmt"/>
        <line num="5" count="22" type="stmt"/>
        <line num="6" count="22" type="stmt"/>
      </file>
      <file name="routes.js" path="/Users/rijalmyd/Documents/Documents - Rijal’s MacBook Air/auth-api/src/Interfaces/http/api/authentications/routes.js">
        <metrics statements="6" coveredstatements="6" conditionals="0" coveredconditionals="0" methods="1" coveredmethods="1"/>
        <line num="3" count="1" type="stmt"/>
        <line num="4" count="22" type="stmt"/>
        <line num="6" count="22" type="stmt"/>
        <line num="7" count="22" type="stmt"/>
        <line num="8" count="22" type="stmt"/>
        <line num="10" count="22" type="stmt"/>
      </file>
    </package>
    <package name="Interfaces.http.api.users">
      <metrics statements="12" coveredstatements="12" conditionals="0" coveredconditionals="0" methods="4" coveredmethods="4"/>
      <file name="controller.js" path="/Users/rijalmyd/Documents/Documents - Rijal’s MacBook Air/auth-api/src/Interfaces/http/api/users/controller.js">
        <metrics statements="5" coveredstatements="5" conditionals="0" coveredconditionals="0" methods="2" coveredmethods="2"/>
        <line num="5" count="22" type="stmt"/>
        <line num="7" count="22" type="stmt"/>
        <line num="11" count="11" type="stmt"/>
        <line num="12" count="11" type="stmt"/>
        <line num="14" count="4" type="stmt"/>
      </file>
      <file name="index.js" path="/Users/rijalmyd/Documents/Documents - Rijal’s MacBook Air/auth-api/src/Interfaces/http/api/users/index.js">
        <metrics statements="3" coveredstatements="3" conditionals="0" coveredconditionals="0" methods="1" coveredmethods="1"/>
        <line num="4" count="1" type="stmt"/>
        <line num="5" count="22" type="stmt"/>
        <line num="7" count="22" type="stmt"/>
      </file>
      <file name="routes.js" path="/Users/rijalmyd/Documents/Documents - Rijal’s MacBook Air/auth-api/src/Interfaces/http/api/users/routes.js">
        <metrics statements="4" coveredstatements="4" conditionals="0" coveredconditionals="0" methods="1" coveredmethods="1"/>
        <line num="3" count="1" type="stmt"/>
        <line num="4" count="22" type="stmt"/>
        <line num="6" count="22" type="stmt"/>
        <line num="8" count="22" type="stmt"/>
      </file>
    </package>
  </project>
</coverage>
