{"/Users/rijalmyd/Documents/Documents - Rijal’s MacBook Air/auth-api/src/Applications/security/PasswordHash.js": {"path":"/Users/rijalmyd/Documents/Documents - Rijal’s MacBook Air/auth-api/src/Applications/security/PasswordHash.js","statementMap":{"0":{"start":{"line":3,"column":4},"end":{"line":3,"column":null}}},"fnMap":{"0":{"name":"(anonymous_0)","decl":{"start":{"line":2,"column":8},"end":{"line":2,"column":12}},"loc":{"start":{"line":2,"column":23},"end":{"line":4,"column":null}},"line":2}},"branchMap":{},"s":{"0":0},"f":{"0":0},"b":{},"meta":{"lastBranch":0,"lastFunction":1,"lastStatement":1,"seen":{"f:2:8:2:12":0,"s:3:4:3:Infinity":0}}}
,"/Users/rijalmyd/Documents/Documents - Rijal’s MacBook Air/auth-api/src/Applications/use_case/AddUserUseCase.js": {"path":"/Users/rijalmyd/Documents/Documents - Rijal’s MacBook Air/auth-api/src/Applications/use_case/AddUserUseCase.js","statementMap":{"0":{"start":{"line":5,"column":4},"end":{"line":5,"column":null}},"1":{"start":{"line":6,"column":4},"end":{"line":6,"column":null}},"2":{"start":{"line":10,"column":25},"end":{"line":10,"column":57}},"3":{"start":{"line":11,"column":4},"end":{"line":11,"column":null}},"4":{"start":{"line":12,"column":4},"end":{"line":12,"column":null}},"5":{"start":{"line":13,"column":4},"end":{"line":13,"column":null}}},"fnMap":{"0":{"name":"(anonymous_0)","decl":{"start":{"line":4,"column":2},"end":{"line":4,"column":13}},"loc":{"start":{"line":4,"column":48},"end":{"line":7,"column":null}},"line":4},"1":{"name":"(anonymous_1)","decl":{"start":{"line":9,"column":8},"end":{"line":9,"column":15}},"loc":{"start":{"line":9,"column":32},"end":{"line":14,"column":null}},"line":9}},"branchMap":{},"s":{"0":1,"1":1,"2":6,"3":6,"4":1,"5":1},"f":{"0":1,"1":6},"b":{},"meta":{"lastBranch":0,"lastFunction":2,"lastStatement":6,"seen":{"f:4:2:4:13":0,"s:5:4:5:Infinity":0,"s:6:4:6:Infinity":1,"f:9:8:9:15":1,"s:10:25:10:57":2,"s:11:4:11:Infinity":3,"s:12:4:12:Infinity":4,"s:13:4:13:Infinity":5}}}
,"/Users/rijalmyd/Documents/Documents - Rijal’s MacBook Air/auth-api/src/Commons/config.js": {"path":"/Users/rijalmyd/Documents/Documents - Rijal’s MacBook Air/auth-api/src/Commons/config.js","statementMap":{"0":{"start":{"line":5,"column":0},"end":{"line":11,"column":null}},"1":{"start":{"line":6,"column":2},"end":{"line":8,"column":null}},"2":{"start":{"line":10,"column":2},"end":{"line":10,"column":null}},"3":{"start":{"line":13,"column":15},"end":{"line":26,"column":null}}},"fnMap":{},"branchMap":{"0":{"loc":{"start":{"line":5,"column":0},"end":{"line":11,"column":null}},"type":"if","locations":[{"start":{"line":5,"column":0},"end":{"line":11,"column":null}},{"start":{"line":9,"column":7},"end":{"line":11,"column":null}}],"line":5},"1":{"loc":{"start":{"line":15,"column":10},"end":{"line":15,"column":null}},"type":"cond-expr","locations":[{"start":{"line":15,"column":50},"end":{"line":15,"column":64}},{"start":{"line":15,"column":64},"end":{"line":15,"column":null}}],"line":15},"2":{"loc":{"start":{"line":17,"column":11},"end":{"line":17,"column":null}},"type":"cond-expr","locations":[{"start":{"line":17,"column":52},"end":{"line":17,"column":77}},{"start":{"line":17,"column":77},"end":{"line":17,"column":null}}],"line":17}},"s":{"0":1,"1":1,"2":0,"3":1},"f":{},"b":{"0":[1,0],"1":[1,0],"2":[0,1]},"meta":{"lastBranch":3,"lastFunction":0,"lastStatement":4,"seen":{"b:5:0:11:Infinity:9:7:11:Infinity":0,"s:5:0:11:Infinity":0,"s:6:2:8:Infinity":1,"s:10:2:10:Infinity":2,"s:13:15:26:Infinity":3,"b:15:50:15:64:15:64:15:Infinity":1,"b:17:52:17:77:17:77:17:Infinity":2}}}
,"/Users/rijalmyd/Documents/Documents - Rijal’s MacBook Air/auth-api/src/Commons/exceptions/ClientError.js": {"path":"/Users/rijalmyd/Documents/Documents - Rijal’s MacBook Air/auth-api/src/Commons/exceptions/ClientError.js","statementMap":{"0":{"start":{"line":3,"column":4},"end":{"line":3,"column":null}},"1":{"start":{"line":5,"column":4},"end":{"line":7,"column":null}},"2":{"start":{"line":6,"column":6},"end":{"line":6,"column":null}},"3":{"start":{"line":9,"column":4},"end":{"line":9,"column":null}},"4":{"start":{"line":10,"column":4},"end":{"line":10,"column":null}}},"fnMap":{"0":{"name":"(anonymous_0)","decl":{"start":{"line":2,"column":2},"end":{"line":2,"column":13}},"loc":{"start":{"line":2,"column":41},"end":{"line":11,"column":null}},"line":2}},"branchMap":{"0":{"loc":{"start":{"line":2,"column":23},"end":{"line":2,"column":39}},"type":"default-arg","locations":[{"start":{"line":2,"column":36},"end":{"line":2,"column":39}}],"line":2},"1":{"loc":{"start":{"line":5,"column":4},"end":{"line":7,"column":null}},"type":"if","locations":[{"start":{"line":5,"column":4},"end":{"line":7,"column":null}},{"start":{},"end":{}}],"line":5}},"s":{"0":5,"1":5,"2":0,"3":5,"4":5},"f":{"0":5},"b":{"0":[5],"1":[0,5]},"meta":{"lastBranch":2,"lastFunction":1,"lastStatement":5,"seen":{"f:2:2:2:13":0,"b:2:36:2:39":0,"s:3:4:3:Infinity":0,"b:5:4:7:Infinity:undefined:undefined:undefined:undefined":1,"s:5:4:7:Infinity":1,"s:6:6:6:Infinity":2,"s:9:4:9:Infinity":3,"s:10:4:10:Infinity":4}}}
,"/Users/rijalmyd/Documents/Documents - Rijal’s MacBook Air/auth-api/src/Commons/exceptions/DomainErrorTranslator.js": {"path":"/Users/rijalmyd/Documents/Documents - Rijal’s MacBook Air/auth-api/src/Commons/exceptions/DomainErrorTranslator.js","statementMap":{"0":{"start":{"line":3,"column":30},"end":{"line":7,"column":1}},"1":{"start":{"line":5,"column":4},"end":{"line":5,"column":null}},"2":{"start":{"line":9,"column":0},"end":{"line":14,"column":null}}},"fnMap":{"0":{"name":"(anonymous_0)","decl":{"start":{"line":4,"column":2},"end":{"line":4,"column":11}},"loc":{"start":{"line":4,"column":19},"end":{"line":6,"column":3}},"line":4}},"branchMap":{"0":{"loc":{"start":{"line":5,"column":11},"end":{"line":5,"column":69}},"type":"binary-expr","locations":[{"start":{"line":5,"column":11},"end":{"line":5,"column":60}},{"start":{"line":5,"column":64},"end":{"line":5,"column":69}}],"line":5}},"s":{"0":1,"1":6,"2":1},"f":{"0":6},"b":{"0":[6,2]},"meta":{"lastBranch":1,"lastFunction":1,"lastStatement":3,"seen":{"s:3:30:7:1":0,"f:4:2:4:11":0,"s:5:4:5:Infinity":1,"b:5:11:5:60:5:64:5:69":0,"s:9:0:14:Infinity":2}}}
,"/Users/rijalmyd/Documents/Documents - Rijal’s MacBook Air/auth-api/src/Commons/exceptions/InvariantError.js": {"path":"/Users/rijalmyd/Documents/Documents - Rijal’s MacBook Air/auth-api/src/Commons/exceptions/InvariantError.js","statementMap":{"0":{"start":{"line":5,"column":4},"end":{"line":5,"column":null}},"1":{"start":{"line":6,"column":4},"end":{"line":6,"column":null}}},"fnMap":{"0":{"name":"(anonymous_0)","decl":{"start":{"line":4,"column":2},"end":{"line":4,"column":13}},"loc":{"start":{"line":4,"column":23},"end":{"line":7,"column":null}},"line":4}},"branchMap":{},"s":{"0":5,"1":5},"f":{"0":5},"b":{},"meta":{"lastBranch":0,"lastFunction":1,"lastStatement":2,"seen":{"f:4:2:4:13":0,"s:5:4:5:Infinity":0,"s:6:4:6:Infinity":1}}}
,"/Users/rijalmyd/Documents/Documents - Rijal’s MacBook Air/auth-api/src/Domains/users/UserRepository.js": {"path":"/Users/rijalmyd/Documents/Documents - Rijal’s MacBook Air/auth-api/src/Domains/users/UserRepository.js","statementMap":{"0":{"start":{"line":3,"column":4},"end":{"line":3,"column":null}},"1":{"start":{"line":7,"column":4},"end":{"line":7,"column":null}}},"fnMap":{"0":{"name":"(anonymous_0)","decl":{"start":{"line":2,"column":8},"end":{"line":2,"column":15}},"loc":{"start":{"line":2,"column":30},"end":{"line":4,"column":null}},"line":2},"1":{"name":"(anonymous_1)","decl":{"start":{"line":6,"column":8},"end":{"line":6,"column":31}},"loc":{"start":{"line":6,"column":42},"end":{"line":8,"column":null}},"line":6}},"branchMap":{},"s":{"0":0,"1":0},"f":{"0":0,"1":0},"b":{},"meta":{"lastBranch":0,"lastFunction":2,"lastStatement":2,"seen":{"f:2:8:2:15":0,"s:3:4:3:Infinity":0,"f:6:8:6:31":1,"s:7:4:7:Infinity":1}}}
,"/Users/rijalmyd/Documents/Documents - Rijal’s MacBook Air/auth-api/src/Domains/users/entities/RegisterUser.js": {"path":"/Users/rijalmyd/Documents/Documents - Rijal’s MacBook Air/auth-api/src/Domains/users/entities/RegisterUser.js","statementMap":{"0":{"start":{"line":3,"column":4},"end":{"line":3,"column":null}},"1":{"start":{"line":5,"column":45},"end":{"line":5,"column":52}},"2":{"start":{"line":7,"column":4},"end":{"line":7,"column":null}},"3":{"start":{"line":8,"column":4},"end":{"line":8,"column":null}},"4":{"start":{"line":9,"column":4},"end":{"line":9,"column":null}},"5":{"start":{"line":13,"column":5},"end":{"line":15,"column":null}},"6":{"start":{"line":14,"column":6},"end":{"line":14,"column":null}},"7":{"start":{"line":17,"column":4},"end":{"line":19,"column":null}},"8":{"start":{"line":18,"column":6},"end":{"line":18,"column":null}},"9":{"start":{"line":21,"column":4},"end":{"line":23,"column":null}},"10":{"start":{"line":22,"column":6},"end":{"line":22,"column":null}},"11":{"start":{"line":25,"column":4},"end":{"line":27,"column":null}},"12":{"start":{"line":26,"column":6},"end":{"line":26,"column":null}}},"fnMap":{"0":{"name":"(anonymous_0)","decl":{"start":{"line":2,"column":2},"end":{"line":2,"column":13}},"loc":{"start":{"line":2,"column":23},"end":{"line":10,"column":null}},"line":2},"1":{"name":"(anonymous_1)","decl":{"start":{"line":12,"column":2},"end":{"line":12,"column":16}},"loc":{"start":{"line":12,"column":51},"end":{"line":28,"column":null}},"line":12}},"branchMap":{"0":{"loc":{"start":{"line":13,"column":5},"end":{"line":15,"column":null}},"type":"if","locations":[{"start":{"line":13,"column":5},"end":{"line":15,"column":null}},{"start":{},"end":{}}],"line":13},"1":{"loc":{"start":{"line":13,"column":9},"end":{"line":13,"column":44}},"type":"binary-expr","locations":[{"start":{"line":13,"column":9},"end":{"line":13,"column":18}},{"start":{"line":13,"column":22},"end":{"line":13,"column":31}},{"start":{"line":13,"column":35},"end":{"line":13,"column":44}}],"line":13},"2":{"loc":{"start":{"line":17,"column":4},"end":{"line":19,"column":null}},"type":"if","locations":[{"start":{"line":17,"column":4},"end":{"line":19,"column":null}},{"start":{},"end":{}}],"line":17},"3":{"loc":{"start":{"line":17,"column":8},"end":{"line":17,"column":100}},"type":"binary-expr","locations":[{"start":{"line":17,"column":8},"end":{"line":17,"column":36}},{"start":{"line":17,"column":40},"end":{"line":17,"column":68}},{"start":{"line":17,"column":72},"end":{"line":17,"column":100}}],"line":17},"4":{"loc":{"start":{"line":21,"column":4},"end":{"line":23,"column":null}},"type":"if","locations":[{"start":{"line":21,"column":4},"end":{"line":23,"column":null}},{"start":{},"end":{}}],"line":21},"5":{"loc":{"start":{"line":25,"column":4},"end":{"line":27,"column":null}},"type":"if","locations":[{"start":{"line":25,"column":4},"end":{"line":27,"column":null}},{"start":{},"end":{}}],"line":25}},"s":{"0":6,"1":6,"2":6,"3":6,"4":6,"5":6,"6":1,"7":5,"8":1,"9":4,"10":1,"11":3,"12":1},"f":{"0":6,"1":6},"b":{"0":[1,5],"1":[6,5,5],"2":[1,4],"3":[5,5,5],"4":[1,3],"5":[1,2]},"meta":{"lastBranch":6,"lastFunction":2,"lastStatement":13,"seen":{"f:2:2:2:13":0,"s:3:4:3:Infinity":0,"s:5:45:5:52":1,"s:7:4:7:Infinity":2,"s:8:4:8:Infinity":3,"s:9:4:9:Infinity":4,"f:12:2:12:16":1,"b:13:5:15:Infinity:undefined:undefined:undefined:undefined":0,"s:13:5:15:Infinity":5,"b:13:9:13:18:13:22:13:31:13:35:13:44":1,"s:14:6:14:Infinity":6,"b:17:4:19:Infinity:undefined:undefined:undefined:undefined":2,"s:17:4:19:Infinity":7,"b:17:8:17:36:17:40:17:68:17:72:17:100":3,"s:18:6:18:Infinity":8,"b:21:4:23:Infinity:undefined:undefined:undefined:undefined":4,"s:21:4:23:Infinity":9,"s:22:6:22:Infinity":10,"b:25:4:27:Infinity:undefined:undefined:undefined:undefined":5,"s:25:4:27:Infinity":11,"s:26:6:26:Infinity":12}}}
,"/Users/rijalmyd/Documents/Documents - Rijal’s MacBook Air/auth-api/src/Domains/users/entities/RegisteredUser.js": {"path":"/Users/rijalmyd/Documents/Documents - Rijal’s MacBook Air/auth-api/src/Domains/users/entities/RegisteredUser.js","statementMap":{"0":{"start":{"line":3,"column":4},"end":{"line":3,"column":null}},"1":{"start":{"line":5,"column":39},"end":{"line":5,"column":46}},"2":{"start":{"line":7,"column":4},"end":{"line":7,"column":null}},"3":{"start":{"line":8,"column":4},"end":{"line":8,"column":null}},"4":{"start":{"line":9,"column":4},"end":{"line":9,"column":null}},"5":{"start":{"line":13,"column":4},"end":{"line":15,"column":null}},"6":{"start":{"line":14,"column":6},"end":{"line":14,"column":null}},"7":{"start":{"line":17,"column":4},"end":{"line":19,"column":null}},"8":{"start":{"line":18,"column":6},"end":{"line":18,"column":null}}},"fnMap":{"0":{"name":"(anonymous_0)","decl":{"start":{"line":2,"column":2},"end":{"line":2,"column":13}},"loc":{"start":{"line":2,"column":23},"end":{"line":10,"column":null}},"line":2},"1":{"name":"(anonymous_1)","decl":{"start":{"line":12,"column":2},"end":{"line":12,"column":16}},"loc":{"start":{"line":12,"column":45},"end":{"line":20,"column":null}},"line":12}},"branchMap":{"0":{"loc":{"start":{"line":13,"column":4},"end":{"line":15,"column":null}},"type":"if","locations":[{"start":{"line":13,"column":4},"end":{"line":15,"column":null}},{"start":{},"end":{}}],"line":13},"1":{"loc":{"start":{"line":13,"column":8},"end":{"line":13,"column":37}},"type":"binary-expr","locations":[{"start":{"line":13,"column":8},"end":{"line":13,"column":11}},{"start":{"line":13,"column":15},"end":{"line":13,"column":24}},{"start":{"line":13,"column":28},"end":{"line":13,"column":37}}],"line":13},"2":{"loc":{"start":{"line":17,"column":4},"end":{"line":19,"column":null}},"type":"if","locations":[{"start":{"line":17,"column":4},"end":{"line":19,"column":null}},{"start":{},"end":{}}],"line":17},"3":{"loc":{"start":{"line":17,"column":8},"end":{"line":17,"column":94}},"type":"binary-expr","locations":[{"start":{"line":17,"column":8},"end":{"line":17,"column":30}},{"start":{"line":17,"column":34},"end":{"line":17,"column":62}},{"start":{"line":17,"column":66},"end":{"line":17,"column":94}}],"line":17}},"s":{"0":1,"1":1,"2":1,"3":1,"4":1,"5":1,"6":0,"7":1,"8":0},"f":{"0":1,"1":1},"b":{"0":[0,1],"1":[1,1,1],"2":[0,1],"3":[1,1,1]},"meta":{"lastBranch":4,"lastFunction":2,"lastStatement":9,"seen":{"f:2:2:2:13":0,"s:3:4:3:Infinity":0,"s:5:39:5:46":1,"s:7:4:7:Infinity":2,"s:8:4:8:Infinity":3,"s:9:4:9:Infinity":4,"f:12:2:12:16":1,"b:13:4:15:Infinity:undefined:undefined:undefined:undefined":0,"s:13:4:15:Infinity":5,"b:13:8:13:11:13:15:13:24:13:28:13:37":1,"s:14:6:14:Infinity":6,"b:17:4:19:Infinity:undefined:undefined:undefined:undefined":2,"s:17:4:19:Infinity":7,"b:17:8:17:30:17:34:17:62:17:66:17:94":3,"s:18:6:18:Infinity":8}}}
,"/Users/rijalmyd/Documents/Documents - Rijal’s MacBook Air/auth-api/src/Infrastructures/http/createServer.js": {"path":"/Users/rijalmyd/Documents/Documents - Rijal’s MacBook Air/auth-api/src/Infrastructures/http/createServer.js","statementMap":{"0":{"start":{"line":6,"column":21},"end":{"line":34,"column":1}},"1":{"start":{"line":7,"column":13},"end":{"line":7,"column":23}},"2":{"start":{"line":9,"column":2},"end":{"line":9,"column":null}},"3":{"start":{"line":10,"column":2},"end":{"line":10,"column":null}},"4":{"start":{"line":11,"column":2},"end":{"line":16,"column":null}},"5":{"start":{"line":12,"column":4},"end":{"line":15,"column":null}},"6":{"start":{"line":17,"column":2},"end":{"line":31,"column":null}},"7":{"start":{"line":18,"column":28},"end":{"line":18,"column":64}},"8":{"start":{"line":20,"column":4},"end":{"line":25,"column":null}},"9":{"start":{"line":21,"column":6},"end":{"line":24,"column":null}},"10":{"start":{"line":27,"column":4},"end":{"line":30,"column":null}},"11":{"start":{"line":33,"column":2},"end":{"line":33,"column":null}}},"fnMap":{"0":{"name":"(anonymous_0)","decl":{"start":{"line":6,"column":21},"end":{"line":6,"column":26}},"loc":{"start":{"line":6,"column":42},"end":{"line":34,"column":1}},"line":6},"1":{"name":"(anonymous_1)","decl":{"start":{"line":11,"column":10},"end":{"line":11,"column":11}},"loc":{"start":{"line":11,"column":24},"end":{"line":16,"column":3}},"line":11},"2":{"name":"(anonymous_2)","decl":{"start":{"line":17,"column":10},"end":{"line":17,"column":11}},"loc":{"start":{"line":17,"column":36},"end":{"line":31,"column":3}},"line":17}},"branchMap":{"0":{"loc":{"start":{"line":20,"column":4},"end":{"line":25,"column":null}},"type":"if","locations":[{"start":{"line":20,"column":4},"end":{"line":25,"column":null}},{"start":{},"end":{}}],"line":20}},"s":{"0":1,"1":8,"2":8,"3":8,"4":8,"5":1,"6":8,"7":6,"8":6,"9":5,"10":1,"11":8},"f":{"0":8,"1":1,"2":6},"b":{"0":[5,1]},"meta":{"lastBranch":1,"lastFunction":3,"lastStatement":12,"seen":{"s:6:21:34:1":0,"f:6:21:6:26":0,"s:7:13:7:23":1,"s:9:2:9:Infinity":2,"s:10:2:10:Infinity":3,"s:11:2:16:Infinity":4,"f:11:10:11:11":1,"s:12:4:15:Infinity":5,"s:17:2:31:Infinity":6,"f:17:10:17:11":2,"s:18:28:18:64":7,"b:20:4:25:Infinity:undefined:undefined:undefined:undefined":0,"s:20:4:25:Infinity":8,"s:21:6:24:Infinity":9,"s:27:4:30:Infinity":10,"s:33:2:33:Infinity":11}}}
,"/Users/rijalmyd/Documents/Documents - Rijal’s MacBook Air/auth-api/src/Infrastructures/http/api/users/controller.js": {"path":"/Users/rijalmyd/Documents/Documents - Rijal’s MacBook Air/auth-api/src/Infrastructures/http/api/users/controller.js","statementMap":{"0":{"start":{"line":5,"column":4},"end":{"line":5,"column":null}},"1":{"start":{"line":7,"column":4},"end":{"line":7,"column":null}},"2":{"start":{"line":11,"column":27},"end":{"line":11,"column":75}},"3":{"start":{"line":12,"column":22},"end":{"line":12,"column":60}},"4":{"start":{"line":14,"column":4},"end":{"line":19,"column":null}}},"fnMap":{"0":{"name":"(anonymous_0)","decl":{"start":{"line":4,"column":2},"end":{"line":4,"column":13}},"loc":{"start":{"line":4,"column":25},"end":{"line":8,"column":null}},"line":4},"1":{"name":"(anonymous_1)","decl":{"start":{"line":10,"column":8},"end":{"line":10,"column":16}},"loc":{"start":{"line":10,"column":27},"end":{"line":20,"column":null}},"line":10}},"branchMap":{},"s":{"0":8,"1":8,"2":7,"3":7,"4":1},"f":{"0":8,"1":7},"b":{},"meta":{"lastBranch":0,"lastFunction":2,"lastStatement":5,"seen":{"f:4:2:4:13":0,"s:5:4:5:Infinity":0,"s:7:4:7:Infinity":1,"f:10:8:10:16":1,"s:11:27:11:75":2,"s:12:22:12:60":3,"s:14:4:19:Infinity":4}}}
,"/Users/rijalmyd/Documents/Documents - Rijal’s MacBook Air/auth-api/src/Infrastructures/http/api/users/index.js": {"path":"/Users/rijalmyd/Documents/Documents - Rijal’s MacBook Air/auth-api/src/Infrastructures/http/api/users/index.js","statementMap":{"0":{"start":{"line":4,"column":14},"end":{"line":8,"column":1}},"1":{"start":{"line":5,"column":26},"end":{"line":5,"column":56}},"2":{"start":{"line":7,"column":2},"end":{"line":7,"column":null}}},"fnMap":{"0":{"name":"(anonymous_0)","decl":{"start":{"line":4,"column":14},"end":{"line":4,"column":15}},"loc":{"start":{"line":4,"column":29},"end":{"line":8,"column":1}},"line":4}},"branchMap":{},"s":{"0":1,"1":8,"2":8},"f":{"0":8},"b":{},"meta":{"lastBranch":0,"lastFunction":1,"lastStatement":3,"seen":{"s:4:14:8:1":0,"f:4:14:4:15":0,"s:5:26:5:56":1,"s:7:2:7:Infinity":2}}}
,"/Users/rijalmyd/Documents/Documents - Rijal’s MacBook Air/auth-api/src/Infrastructures/http/api/users/routes.js": {"path":"/Users/rijalmyd/Documents/Documents - Rijal’s MacBook Air/auth-api/src/Infrastructures/http/api/users/routes.js","statementMap":{"0":{"start":{"line":3,"column":15},"end":{"line":9,"column":1}},"1":{"start":{"line":4,"column":16},"end":{"line":4,"column":25}},"2":{"start":{"line":6,"column":2},"end":{"line":6,"column":null}},"3":{"start":{"line":8,"column":2},"end":{"line":8,"column":null}}},"fnMap":{"0":{"name":"(anonymous_0)","decl":{"start":{"line":3,"column":15},"end":{"line":3,"column":16}},"loc":{"start":{"line":3,"column":31},"end":{"line":9,"column":1}},"line":3}},"branchMap":{},"s":{"0":1,"1":8,"2":8,"3":8},"f":{"0":8},"b":{},"meta":{"lastBranch":0,"lastFunction":1,"lastStatement":4,"seen":{"s:3:15:9:1":0,"f:3:15:3:16":0,"s:4:16:4:25":1,"s:6:2:6:Infinity":2,"s:8:2:8:Infinity":3}}}
,"/Users/rijalmyd/Documents/Documents - Rijal’s MacBook Air/auth-api/src/Infrastructures/repository/UserRepositoryPostgres.js": {"path":"/Users/rijalmyd/Documents/Documents - Rijal’s MacBook Air/auth-api/src/Infrastructures/repository/UserRepositoryPostgres.js","statementMap":{"0":{"start":{"line":7,"column":4},"end":{"line":7,"column":null}},"1":{"start":{"line":8,"column":4},"end":{"line":8,"column":null}},"2":{"start":{"line":9,"column":4},"end":{"line":9,"column":null}},"3":{"start":{"line":13,"column":18},"end":{"line":16,"column":5}},"4":{"start":{"line":18,"column":19},"end":{"line":18,"column":48}},"5":{"start":{"line":20,"column":4},"end":{"line":22,"column":null}},"6":{"start":{"line":21,"column":6},"end":{"line":21,"column":null}},"7":{"start":{"line":26,"column":45},"end":{"line":26,"column":57}},"8":{"start":{"line":27,"column":15},"end":{"line":27,"column":44}},"9":{"start":{"line":29,"column":18},"end":{"line":32,"column":5}},"10":{"start":{"line":34,"column":19},"end":{"line":34,"column":48}},"11":{"start":{"line":36,"column":4},"end":{"line":36,"column":null}}},"fnMap":{"0":{"name":"(anonymous_0)","decl":{"start":{"line":6,"column":2},"end":{"line":6,"column":13}},"loc":{"start":{"line":6,"column":33},"end":{"line":10,"column":null}},"line":6},"1":{"name":"(anonymous_1)","decl":{"start":{"line":12,"column":8},"end":{"line":12,"column":31}},"loc":{"start":{"line":12,"column":42},"end":{"line":23,"column":null}},"line":12},"2":{"name":"(anonymous_2)","decl":{"start":{"line":25,"column":8},"end":{"line":25,"column":15}},"loc":{"start":{"line":25,"column":30},"end":{"line":37,"column":null}},"line":25}},"branchMap":{"0":{"loc":{"start":{"line":20,"column":4},"end":{"line":22,"column":null}},"type":"if","locations":[{"start":{"line":20,"column":4},"end":{"line":22,"column":null}},{"start":{},"end":{}}],"line":20}},"s":{"0":1,"1":1,"2":1,"3":2,"4":2,"5":2,"6":1,"7":1,"8":1,"9":1,"10":1,"11":1},"f":{"0":1,"1":2,"2":1},"b":{"0":[1,1]},"meta":{"lastBranch":1,"lastFunction":3,"lastStatement":12,"seen":{"f:6:2:6:13":0,"s:7:4:7:Infinity":0,"s:8:4:8:Infinity":1,"s:9:4:9:Infinity":2,"f:12:8:12:31":1,"s:13:18:16:5":3,"s:18:19:18:48":4,"b:20:4:22:Infinity:undefined:undefined:undefined:undefined":0,"s:20:4:22:Infinity":5,"s:21:6:21:Infinity":6,"f:25:8:25:15":2,"s:26:45:26:57":7,"s:27:15:27:44":8,"s:29:18:32:5":9,"s:34:19:34:48":10,"s:36:4:36:Infinity":11}}}
,"/Users/rijalmyd/Documents/Documents - Rijal’s MacBook Air/auth-api/src/Infrastructures/security/BcryptPasswordHash.js": {"path":"/Users/rijalmyd/Documents/Documents - Rijal’s MacBook Air/auth-api/src/Infrastructures/security/BcryptPasswordHash.js","statementMap":{"0":{"start":{"line":5,"column":4},"end":{"line":5,"column":null}},"1":{"start":{"line":6,"column":4},"end":{"line":6,"column":null}},"2":{"start":{"line":7,"column":4},"end":{"line":7,"column":null}},"3":{"start":{"line":11,"column":4},"end":{"line":11,"column":null}}},"fnMap":{"0":{"name":"(anonymous_0)","decl":{"start":{"line":4,"column":2},"end":{"line":4,"column":13}},"loc":{"start":{"line":4,"column":38},"end":{"line":8,"column":null}},"line":4},"1":{"name":"(anonymous_1)","decl":{"start":{"line":10,"column":8},"end":{"line":10,"column":12}},"loc":{"start":{"line":10,"column":23},"end":{"line":12,"column":null}},"line":10}},"branchMap":{"0":{"loc":{"start":{"line":4,"column":22},"end":{"line":4,"column":36}},"type":"default-arg","locations":[{"start":{"line":4,"column":34},"end":{"line":4,"column":36}}],"line":4}},"s":{"0":1,"1":1,"2":1,"3":1},"f":{"0":1,"1":1},"b":{"0":[1]},"meta":{"lastBranch":1,"lastFunction":2,"lastStatement":4,"seen":{"f:4:2:4:13":0,"b:4:34:4:36":0,"s:5:4:5:Infinity":0,"s:6:4:6:Infinity":1,"s:7:4:7:Infinity":2,"f:10:8:10:12":1,"s:11:4:11:Infinity":3}}}
}
