{"/Users/rijalmyd/Documents/Documents - Rijal’s MacBook Air/auth-api/src/Applications/security/AuthenticationTokenManager.js": {"path":"/Users/rijalmyd/Documents/Documents - Rijal’s MacBook Air/auth-api/src/Applications/security/AuthenticationTokenManager.js","statementMap":{"0":{"start":{"line":3,"column":4},"end":{"line":3,"column":null}},"1":{"start":{"line":7,"column":4},"end":{"line":7,"column":null}},"2":{"start":{"line":11,"column":4},"end":{"line":11,"column":null}},"3":{"start":{"line":15,"column":4},"end":{"line":15,"column":null}}},"fnMap":{"0":{"name":"(anonymous_0)","decl":{"start":{"line":2,"column":8},"end":{"line":2,"column":25}},"loc":{"start":{"line":2,"column":35},"end":{"line":4,"column":null}},"line":2},"1":{"name":"(anonymous_1)","decl":{"start":{"line":6,"column":8},"end":{"line":6,"column":26}},"loc":{"start":{"line":6,"column":36},"end":{"line":8,"column":null}},"line":6},"2":{"name":"(anonymous_2)","decl":{"start":{"line":10,"column":8},"end":{"line":10,"column":26}},"loc":{"start":{"line":10,"column":34},"end":{"line":12,"column":null}},"line":10},"3":{"name":"(anonymous_3)","decl":{"start":{"line":14,"column":8},"end":{"line":14,"column":21}},"loc":{"start":{"line":14,"column":31},"end":{"line":16,"column":null}},"line":14}},"branchMap":{},"s":{"0":0,"1":0,"2":0,"3":0},"f":{"0":0,"1":0,"2":0,"3":0},"b":{},"meta":{"lastBranch":0,"lastFunction":4,"lastStatement":4,"seen":{"f:2:8:2:25":0,"s:3:4:3:Infinity":0,"f:6:8:6:26":1,"s:7:4:7:Infinity":1,"f:10:8:10:26":2,"s:11:4:11:Infinity":2,"f:14:8:14:21":3,"s:15:4:15:Infinity":3}}}
,"/Users/rijalmyd/Documents/Documents - Rijal’s MacBook Air/auth-api/src/Applications/security/PasswordHash.js": {"path":"/Users/rijalmyd/Documents/Documents - Rijal’s MacBook Air/auth-api/src/Applications/security/PasswordHash.js","statementMap":{"0":{"start":{"line":3,"column":4},"end":{"line":3,"column":null}},"1":{"start":{"line":7,"column":4},"end":{"line":7,"column":null}}},"fnMap":{"0":{"name":"(anonymous_0)","decl":{"start":{"line":2,"column":8},"end":{"line":2,"column":12}},"loc":{"start":{"line":2,"column":23},"end":{"line":4,"column":null}},"line":2},"1":{"name":"(anonymous_1)","decl":{"start":{"line":6,"column":8},"end":{"line":6,"column":15}},"loc":{"start":{"line":6,"column":34},"end":{"line":8,"column":null}},"line":6}},"branchMap":{},"s":{"0":0,"1":0},"f":{"0":0,"1":0},"b":{},"meta":{"lastBranch":0,"lastFunction":2,"lastStatement":2,"seen":{"f:2:8:2:12":0,"s:3:4:3:Infinity":0,"f:6:8:6:15":1,"s:7:4:7:Infinity":1}}}
,"/Users/rijalmyd/Documents/Documents - Rijal’s MacBook Air/auth-api/src/Applications/use_case/AddUserUseCase.js": {"path":"/Users/rijalmyd/Documents/Documents - Rijal’s MacBook Air/auth-api/src/Applications/use_case/AddUserUseCase.js","statementMap":{"0":{"start":{"line":5,"column":4},"end":{"line":5,"column":null}},"1":{"start":{"line":6,"column":4},"end":{"line":6,"column":null}},"2":{"start":{"line":10,"column":25},"end":{"line":10,"column":57}},"3":{"start":{"line":11,"column":4},"end":{"line":11,"column":null}},"4":{"start":{"line":12,"column":4},"end":{"line":12,"column":null}},"5":{"start":{"line":13,"column":4},"end":{"line":13,"column":null}}},"fnMap":{"0":{"name":"(anonymous_0)","decl":{"start":{"line":4,"column":2},"end":{"line":4,"column":13}},"loc":{"start":{"line":4,"column":48},"end":{"line":7,"column":null}},"line":4},"1":{"name":"(anonymous_1)","decl":{"start":{"line":9,"column":8},"end":{"line":9,"column":15}},"loc":{"start":{"line":9,"column":32},"end":{"line":14,"column":null}},"line":9}},"branchMap":{},"s":{"0":1,"1":1,"2":9,"3":9,"4":4,"5":4},"f":{"0":1,"1":9},"b":{},"meta":{"lastBranch":0,"lastFunction":2,"lastStatement":6,"seen":{"f:4:2:4:13":0,"s:5:4:5:Infinity":0,"s:6:4:6:Infinity":1,"f:9:8:9:15":1,"s:10:25:10:57":2,"s:11:4:11:Infinity":3,"s:12:4:12:Infinity":4,"s:13:4:13:Infinity":5}}}
,"/Users/rijalmyd/Documents/Documents - Rijal’s MacBook Air/auth-api/src/Applications/use_case/LoginUserUseCase.js": {"path":"/Users/rijalmyd/Documents/Documents - Rijal’s MacBook Air/auth-api/src/Applications/use_case/LoginUserUseCase.js","statementMap":{"0":{"start":{"line":11,"column":4},"end":{"line":11,"column":null}},"1":{"start":{"line":12,"column":4},"end":{"line":12,"column":null}},"2":{"start":{"line":13,"column":4},"end":{"line":13,"column":null}},"3":{"start":{"line":14,"column":4},"end":{"line":14,"column":null}},"4":{"start":{"line":18,"column":35},"end":{"line":18,"column":64}},"5":{"start":{"line":20,"column":30},"end":{"line":20,"column":88}},"6":{"start":{"line":22,"column":4},"end":{"line":22,"column":null}},"7":{"start":{"line":24,"column":24},"end":{"line":24,"column":94}},"8":{"start":{"line":25,"column":25},"end":{"line":25,"column":96}},"9":{"start":{"line":27,"column":30},"end":{"line":30,"column":6}},"10":{"start":{"line":32,"column":4},"end":{"line":32,"column":null}},"11":{"start":{"line":34,"column":4},"end":{"line":34,"column":null}}},"fnMap":{"0":{"name":"(anonymous_0)","decl":{"start":{"line":5,"column":2},"end":{"line":5,"column":13}},"loc":{"start":{"line":10,"column":5},"end":{"line":15,"column":null}},"line":10},"1":{"name":"(anonymous_1)","decl":{"start":{"line":17,"column":8},"end":{"line":17,"column":15}},"loc":{"start":{"line":17,"column":32},"end":{"line":35,"column":null}},"line":17}},"branchMap":{},"s":{"0":1,"1":1,"2":1,"3":1,"4":6,"5":6,"6":3,"7":2,"8":2,"9":2,"10":2,"11":2},"f":{"0":1,"1":6},"b":{},"meta":{"lastBranch":0,"lastFunction":2,"lastStatement":12,"seen":{"f:5:2:5:13":0,"s:11:4:11:Infinity":0,"s:12:4:12:Infinity":1,"s:13:4:13:Infinity":2,"s:14:4:14:Infinity":3,"f:17:8:17:15":1,"s:18:35:18:64":4,"s:20:30:20:88":5,"s:22:4:22:Infinity":6,"s:24:24:24:94":7,"s:25:25:25:96":8,"s:27:30:30:6":9,"s:32:4:32:Infinity":10,"s:34:4:34:Infinity":11}}}
,"/Users/rijalmyd/Documents/Documents - Rijal’s MacBook Air/auth-api/src/Applications/use_case/LogoutUserUseCase.js": {"path":"/Users/rijalmyd/Documents/Documents - Rijal’s MacBook Air/auth-api/src/Applications/use_case/LogoutUserUseCase.js","statementMap":{"0":{"start":{"line":5,"column":4},"end":{"line":5,"column":null}},"1":{"start":{"line":9,"column":4},"end":{"line":9,"column":null}},"2":{"start":{"line":10,"column":29},"end":{"line":10,"column":43}},"3":{"start":{"line":12,"column":4},"end":{"line":12,"column":null}},"4":{"start":{"line":13,"column":4},"end":{"line":13,"column":null}},"5":{"start":{"line":17,"column":29},"end":{"line":17,"column":43}},"6":{"start":{"line":19,"column":4},"end":{"line":21,"column":null}},"7":{"start":{"line":20,"column":6},"end":{"line":20,"column":null}},"8":{"start":{"line":23,"column":4},"end":{"line":25,"column":null}},"9":{"start":{"line":24,"column":6},"end":{"line":24,"column":null}}},"fnMap":{"0":{"name":"(anonymous_0)","decl":{"start":{"line":2,"column":2},"end":{"line":2,"column":13}},"loc":{"start":{"line":4,"column":5},"end":{"line":6,"column":null}},"line":4},"1":{"name":"(anonymous_1)","decl":{"start":{"line":8,"column":8},"end":{"line":8,"column":15}},"loc":{"start":{"line":8,"column":32},"end":{"line":14,"column":null}},"line":8},"2":{"name":"(anonymous_2)","decl":{"start":{"line":16,"column":2},"end":{"line":16,"column":16}},"loc":{"start":{"line":16,"column":33},"end":{"line":26,"column":null}},"line":16}},"branchMap":{"0":{"loc":{"start":{"line":19,"column":4},"end":{"line":21,"column":null}},"type":"if","locations":[{"start":{"line":19,"column":4},"end":{"line":21,"column":null}},{"start":{},"end":{}}],"line":19},"1":{"loc":{"start":{"line":23,"column":4},"end":{"line":25,"column":null}},"type":"if","locations":[{"start":{"line":23,"column":4},"end":{"line":25,"column":null}},{"start":{},"end":{}}],"line":23}},"s":{"0":1,"1":3,"2":3,"3":3,"4":1,"5":3,"6":3,"7":1,"8":2,"9":0},"f":{"0":1,"1":3,"2":3},"b":{"0":[1,2],"1":[0,2]},"meta":{"lastBranch":2,"lastFunction":3,"lastStatement":10,"seen":{"f:2:2:2:13":0,"s:5:4:5:Infinity":0,"f:8:8:8:15":1,"s:9:4:9:Infinity":1,"s:10:29:10:43":2,"s:12:4:12:Infinity":3,"s:13:4:13:Infinity":4,"f:16:2:16:16":2,"s:17:29:17:43":5,"b:19:4:21:Infinity:undefined:undefined:undefined:undefined":0,"s:19:4:21:Infinity":6,"s:20:6:20:Infinity":7,"b:23:4:25:Infinity:undefined:undefined:undefined:undefined":1,"s:23:4:25:Infinity":8,"s:24:6:24:Infinity":9}}}
,"/Users/rijalmyd/Documents/Documents - Rijal’s MacBook Air/auth-api/src/Applications/use_case/RefreshAuthenticationUseCase.js": {"path":"/Users/rijalmyd/Documents/Documents - Rijal’s MacBook Air/auth-api/src/Applications/use_case/RefreshAuthenticationUseCase.js","statementMap":{"0":{"start":{"line":6,"column":4},"end":{"line":6,"column":null}},"1":{"start":{"line":7,"column":4},"end":{"line":7,"column":null}},"2":{"start":{"line":11,"column":4},"end":{"line":11,"column":null}},"3":{"start":{"line":12,"column":29},"end":{"line":12,"column":43}},"4":{"start":{"line":14,"column":4},"end":{"line":14,"column":null}},"5":{"start":{"line":15,"column":4},"end":{"line":15,"column":null}},"6":{"start":{"line":17,"column":25},"end":{"line":17,"column":91}},"7":{"start":{"line":19,"column":4},"end":{"line":19,"column":null}},"8":{"start":{"line":23,"column":29},"end":{"line":23,"column":43}},"9":{"start":{"line":25,"column":4},"end":{"line":27,"column":null}},"10":{"start":{"line":26,"column":6},"end":{"line":26,"column":null}},"11":{"start":{"line":29,"column":4},"end":{"line":31,"column":null}},"12":{"start":{"line":30,"column":6},"end":{"line":30,"column":null}}},"fnMap":{"0":{"name":"(anonymous_0)","decl":{"start":{"line":2,"column":2},"end":{"line":2,"column":13}},"loc":{"start":{"line":5,"column":5},"end":{"line":8,"column":null}},"line":5},"1":{"name":"(anonymous_1)","decl":{"start":{"line":10,"column":8},"end":{"line":10,"column":15}},"loc":{"start":{"line":10,"column":32},"end":{"line":20,"column":null}},"line":10},"2":{"name":"(anonymous_2)","decl":{"start":{"line":22,"column":2},"end":{"line":22,"column":16}},"loc":{"start":{"line":22,"column":33},"end":{"line":32,"column":null}},"line":22}},"branchMap":{"0":{"loc":{"start":{"line":25,"column":4},"end":{"line":27,"column":null}},"type":"if","locations":[{"start":{"line":25,"column":4},"end":{"line":27,"column":null}},{"start":{},"end":{}}],"line":25},"1":{"loc":{"start":{"line":29,"column":4},"end":{"line":31,"column":null}},"type":"if","locations":[{"start":{"line":29,"column":4},"end":{"line":31,"column":null}},{"start":{},"end":{}}],"line":29}},"s":{"0":1,"1":1,"2":5,"3":5,"4":5,"5":2,"6":1,"7":1,"8":5,"9":5,"10":1,"11":4,"12":1},"f":{"0":1,"1":5,"2":5},"b":{"0":[1,4],"1":[1,3]},"meta":{"lastBranch":2,"lastFunction":3,"lastStatement":13,"seen":{"f:2:2:2:13":0,"s:6:4:6:Infinity":0,"s:7:4:7:Infinity":1,"f:10:8:10:15":1,"s:11:4:11:Infinity":2,"s:12:29:12:43":3,"s:14:4:14:Infinity":4,"s:15:4:15:Infinity":5,"s:17:25:17:91":6,"s:19:4:19:Infinity":7,"f:22:2:22:16":2,"s:23:29:23:43":8,"b:25:4:27:Infinity:undefined:undefined:undefined:undefined":0,"s:25:4:27:Infinity":9,"s:26:6:26:Infinity":10,"b:29:4:31:Infinity:undefined:undefined:undefined:undefined":1,"s:29:4:31:Infinity":11,"s:30:6:30:Infinity":12}}}
,"/Users/rijalmyd/Documents/Documents - Rijal’s MacBook Air/auth-api/src/Commons/config.js": {"path":"/Users/rijalmyd/Documents/Documents - Rijal’s MacBook Air/auth-api/src/Commons/config.js","statementMap":{"0":{"start":{"line":5,"column":0},"end":{"line":11,"column":null}},"1":{"start":{"line":6,"column":2},"end":{"line":8,"column":null}},"2":{"start":{"line":10,"column":2},"end":{"line":10,"column":null}},"3":{"start":{"line":13,"column":15},"end":{"line":32,"column":null}}},"fnMap":{},"branchMap":{"0":{"loc":{"start":{"line":5,"column":0},"end":{"line":11,"column":null}},"type":"if","locations":[{"start":{"line":5,"column":0},"end":{"line":11,"column":null}},{"start":{"line":9,"column":7},"end":{"line":11,"column":null}}],"line":5},"1":{"loc":{"start":{"line":15,"column":10},"end":{"line":15,"column":null}},"type":"cond-expr","locations":[{"start":{"line":15,"column":50},"end":{"line":15,"column":64}},{"start":{"line":15,"column":64},"end":{"line":15,"column":null}}],"line":15},"2":{"loc":{"start":{"line":17,"column":11},"end":{"line":17,"column":null}},"type":"cond-expr","locations":[{"start":{"line":17,"column":52},"end":{"line":17,"column":77}},{"start":{"line":17,"column":77},"end":{"line":17,"column":null}}],"line":17}},"s":{"0":1,"1":1,"2":0,"3":1},"f":{},"b":{"0":[1,0],"1":[1,0],"2":[0,1]},"meta":{"lastBranch":3,"lastFunction":0,"lastStatement":4,"seen":{"b:5:0:11:Infinity:9:7:11:Infinity":0,"s:5:0:11:Infinity":0,"s:6:2:8:Infinity":1,"s:10:2:10:Infinity":2,"s:13:15:32:Infinity":3,"b:15:50:15:64:15:64:15:Infinity":1,"b:17:52:17:77:17:77:17:Infinity":2}}}
,"/Users/rijalmyd/Documents/Documents - Rijal’s MacBook Air/auth-api/src/Commons/exceptions/AuthenticationError.js": {"path":"/Users/rijalmyd/Documents/Documents - Rijal’s MacBook Air/auth-api/src/Commons/exceptions/AuthenticationError.js","statementMap":{"0":{"start":{"line":5,"column":4},"end":{"line":5,"column":null}},"1":{"start":{"line":6,"column":4},"end":{"line":6,"column":null}}},"fnMap":{"0":{"name":"(anonymous_0)","decl":{"start":{"line":4,"column":2},"end":{"line":4,"column":13}},"loc":{"start":{"line":4,"column":23},"end":{"line":7,"column":null}},"line":4}},"branchMap":{},"s":{"0":1,"1":1},"f":{"0":1},"b":{},"meta":{"lastBranch":0,"lastFunction":1,"lastStatement":2,"seen":{"f:4:2:4:13":0,"s:5:4:5:Infinity":0,"s:6:4:6:Infinity":1}}}
,"/Users/rijalmyd/Documents/Documents - Rijal’s MacBook Air/auth-api/src/Commons/exceptions/ClientError.js": {"path":"/Users/rijalmyd/Documents/Documents - Rijal’s MacBook Air/auth-api/src/Commons/exceptions/ClientError.js","statementMap":{"0":{"start":{"line":3,"column":4},"end":{"line":3,"column":null}},"1":{"start":{"line":5,"column":4},"end":{"line":7,"column":null}},"2":{"start":{"line":6,"column":6},"end":{"line":6,"column":null}},"3":{"start":{"line":9,"column":4},"end":{"line":9,"column":null}},"4":{"start":{"line":10,"column":4},"end":{"line":10,"column":null}}},"fnMap":{"0":{"name":"(anonymous_0)","decl":{"start":{"line":2,"column":2},"end":{"line":2,"column":13}},"loc":{"start":{"line":2,"column":41},"end":{"line":11,"column":null}},"line":2}},"branchMap":{"0":{"loc":{"start":{"line":2,"column":23},"end":{"line":2,"column":39}},"type":"default-arg","locations":[{"start":{"line":2,"column":36},"end":{"line":2,"column":39}}],"line":2},"1":{"loc":{"start":{"line":5,"column":4},"end":{"line":7,"column":null}},"type":"if","locations":[{"start":{"line":5,"column":4},"end":{"line":7,"column":null}},{"start":{},"end":{}}],"line":5}},"s":{"0":16,"1":16,"2":0,"3":16,"4":16},"f":{"0":16},"b":{"0":[16],"1":[0,16]},"meta":{"lastBranch":2,"lastFunction":1,"lastStatement":5,"seen":{"f:2:2:2:13":0,"b:2:36:2:39":0,"s:3:4:3:Infinity":0,"b:5:4:7:Infinity:undefined:undefined:undefined:undefined":1,"s:5:4:7:Infinity":1,"s:6:6:6:Infinity":2,"s:9:4:9:Infinity":3,"s:10:4:10:Infinity":4}}}
,"/Users/rijalmyd/Documents/Documents - Rijal’s MacBook Air/auth-api/src/Commons/exceptions/DomainErrorTranslator.js": {"path":"/Users/rijalmyd/Documents/Documents - Rijal’s MacBook Air/auth-api/src/Commons/exceptions/DomainErrorTranslator.js","statementMap":{"0":{"start":{"line":3,"column":30},"end":{"line":7,"column":1}},"1":{"start":{"line":5,"column":4},"end":{"line":5,"column":null}},"2":{"start":{"line":9,"column":0},"end":{"line":20,"column":null}}},"fnMap":{"0":{"name":"(anonymous_0)","decl":{"start":{"line":4,"column":2},"end":{"line":4,"column":11}},"loc":{"start":{"line":4,"column":19},"end":{"line":6,"column":3}},"line":4}},"branchMap":{"0":{"loc":{"start":{"line":5,"column":11},"end":{"line":5,"column":69}},"type":"binary-expr","locations":[{"start":{"line":5,"column":11},"end":{"line":5,"column":60}},{"start":{"line":5,"column":64},"end":{"line":5,"column":69}}],"line":5}},"s":{"0":1,"1":17,"2":1},"f":{"0":17},"b":{"0":[17,8]},"meta":{"lastBranch":1,"lastFunction":1,"lastStatement":3,"seen":{"s:3:30:7:1":0,"f:4:2:4:11":0,"s:5:4:5:Infinity":1,"b:5:11:5:60:5:64:5:69":0,"s:9:0:20:Infinity":2}}}
,"/Users/rijalmyd/Documents/Documents - Rijal’s MacBook Air/auth-api/src/Commons/exceptions/InvariantError.js": {"path":"/Users/rijalmyd/Documents/Documents - Rijal’s MacBook Air/auth-api/src/Commons/exceptions/InvariantError.js","statementMap":{"0":{"start":{"line":5,"column":4},"end":{"line":5,"column":null}},"1":{"start":{"line":6,"column":4},"end":{"line":6,"column":null}}},"fnMap":{"0":{"name":"(anonymous_0)","decl":{"start":{"line":4,"column":2},"end":{"line":4,"column":13}},"loc":{"start":{"line":4,"column":23},"end":{"line":7,"column":null}},"line":4}},"branchMap":{},"s":{"0":15,"1":15},"f":{"0":15},"b":{},"meta":{"lastBranch":0,"lastFunction":1,"lastStatement":2,"seen":{"f:4:2:4:13":0,"s:5:4:5:Infinity":0,"s:6:4:6:Infinity":1}}}
,"/Users/rijalmyd/Documents/Documents - Rijal’s MacBook Air/auth-api/src/Domains/authentications/AuthenticationRepository.js": {"path":"/Users/rijalmyd/Documents/Documents - Rijal’s MacBook Air/auth-api/src/Domains/authentications/AuthenticationRepository.js","statementMap":{"0":{"start":{"line":3,"column":4},"end":{"line":3,"column":null}},"1":{"start":{"line":7,"column":4},"end":{"line":7,"column":null}},"2":{"start":{"line":11,"column":4},"end":{"line":11,"column":null}}},"fnMap":{"0":{"name":"(anonymous_0)","decl":{"start":{"line":2,"column":8},"end":{"line":2,"column":16}},"loc":{"start":{"line":2,"column":24},"end":{"line":4,"column":null}},"line":2},"1":{"name":"(anonymous_1)","decl":{"start":{"line":6,"column":8},"end":{"line":6,"column":30}},"loc":{"start":{"line":6,"column":38},"end":{"line":8,"column":null}},"line":6},"2":{"name":"(anonymous_2)","decl":{"start":{"line":10,"column":8},"end":{"line":10,"column":19}},"loc":{"start":{"line":10,"column":27},"end":{"line":12,"column":null}},"line":10}},"branchMap":{},"s":{"0":0,"1":0,"2":0},"f":{"0":0,"1":0,"2":0},"b":{},"meta":{"lastBranch":0,"lastFunction":3,"lastStatement":3,"seen":{"f:2:8:2:16":0,"s:3:4:3:Infinity":0,"f:6:8:6:30":1,"s:7:4:7:Infinity":1,"f:10:8:10:19":2,"s:11:4:11:Infinity":2}}}
,"/Users/rijalmyd/Documents/Documents - Rijal’s MacBook Air/auth-api/src/Domains/authentications/entities/NewAuth.js": {"path":"/Users/rijalmyd/Documents/Documents - Rijal’s MacBook Air/auth-api/src/Domains/authentications/entities/NewAuth.js","statementMap":{"0":{"start":{"line":3,"column":4},"end":{"line":3,"column":null}},"1":{"start":{"line":5,"column":42},"end":{"line":5,"column":49}},"2":{"start":{"line":7,"column":4},"end":{"line":7,"column":null}},"3":{"start":{"line":8,"column":4},"end":{"line":8,"column":null}},"4":{"start":{"line":12,"column":4},"end":{"line":14,"column":null}},"5":{"start":{"line":13,"column":6},"end":{"line":13,"column":null}},"6":{"start":{"line":16,"column":4},"end":{"line":18,"column":null}},"7":{"start":{"line":17,"column":6},"end":{"line":17,"column":null}}},"fnMap":{"0":{"name":"(anonymous_0)","decl":{"start":{"line":2,"column":2},"end":{"line":2,"column":13}},"loc":{"start":{"line":2,"column":23},"end":{"line":9,"column":null}},"line":2},"1":{"name":"(anonymous_1)","decl":{"start":{"line":11,"column":2},"end":{"line":11,"column":16}},"loc":{"start":{"line":11,"column":48},"end":{"line":19,"column":null}},"line":11}},"branchMap":{"0":{"loc":{"start":{"line":12,"column":4},"end":{"line":14,"column":null}},"type":"if","locations":[{"start":{"line":12,"column":4},"end":{"line":14,"column":null}},{"start":{},"end":{}}],"line":12},"1":{"loc":{"start":{"line":12,"column":8},"end":{"line":12,"column":37}},"type":"binary-expr","locations":[{"start":{"line":12,"column":8},"end":{"line":12,"column":20}},{"start":{"line":12,"column":24},"end":{"line":12,"column":37}}],"line":12},"2":{"loc":{"start":{"line":16,"column":4},"end":{"line":18,"column":null}},"type":"if","locations":[{"start":{"line":16,"column":4},"end":{"line":18,"column":null}},{"start":{},"end":{}}],"line":16},"3":{"loc":{"start":{"line":16,"column":8},"end":{"line":16,"column":75}},"type":"binary-expr","locations":[{"start":{"line":16,"column":8},"end":{"line":16,"column":39}},{"start":{"line":16,"column":43},"end":{"line":16,"column":75}}],"line":16}},"s":{"0":2,"1":2,"2":2,"3":2,"4":2,"5":0,"6":2,"7":0},"f":{"0":2,"1":2},"b":{"0":[0,2],"1":[2,2],"2":[0,2],"3":[2,2]},"meta":{"lastBranch":4,"lastFunction":2,"lastStatement":8,"seen":{"f:2:2:2:13":0,"s:3:4:3:Infinity":0,"s:5:42:5:49":1,"s:7:4:7:Infinity":2,"s:8:4:8:Infinity":3,"f:11:2:11:16":1,"b:12:4:14:Infinity:undefined:undefined:undefined:undefined":0,"s:12:4:14:Infinity":4,"b:12:8:12:20:12:24:12:37":1,"s:13:6:13:Infinity":5,"b:16:4:18:Infinity:undefined:undefined:undefined:undefined":2,"s:16:4:18:Infinity":6,"b:16:8:16:39:16:43:16:75":3,"s:17:6:17:Infinity":7}}}
,"/Users/rijalmyd/Documents/Documents - Rijal’s MacBook Air/auth-api/src/Domains/users/UserRepository.js": {"path":"/Users/rijalmyd/Documents/Documents - Rijal’s MacBook Air/auth-api/src/Domains/users/UserRepository.js","statementMap":{"0":{"start":{"line":3,"column":4},"end":{"line":3,"column":null}},"1":{"start":{"line":7,"column":4},"end":{"line":7,"column":null}},"2":{"start":{"line":11,"column":4},"end":{"line":11,"column":null}}},"fnMap":{"0":{"name":"(anonymous_0)","decl":{"start":{"line":2,"column":8},"end":{"line":2,"column":15}},"loc":{"start":{"line":2,"column":30},"end":{"line":4,"column":null}},"line":2},"1":{"name":"(anonymous_1)","decl":{"start":{"line":6,"column":8},"end":{"line":6,"column":31}},"loc":{"start":{"line":6,"column":42},"end":{"line":8,"column":null}},"line":6},"2":{"name":"(anonymous_2)","decl":{"start":{"line":10,"column":8},"end":{"line":10,"column":29}},"loc":{"start":{"line":10,"column":40},"end":{"line":12,"column":null}},"line":10}},"branchMap":{},"s":{"0":0,"1":0,"2":0},"f":{"0":0,"1":0,"2":0},"b":{},"meta":{"lastBranch":0,"lastFunction":3,"lastStatement":3,"seen":{"f:2:8:2:15":0,"s:3:4:3:Infinity":0,"f:6:8:6:31":1,"s:7:4:7:Infinity":1,"f:10:8:10:29":2,"s:11:4:11:Infinity":2}}}
,"/Users/rijalmyd/Documents/Documents - Rijal’s MacBook Air/auth-api/src/Domains/users/entities/RegisterUser.js": {"path":"/Users/rijalmyd/Documents/Documents - Rijal’s MacBook Air/auth-api/src/Domains/users/entities/RegisterUser.js","statementMap":{"0":{"start":{"line":3,"column":4},"end":{"line":3,"column":null}},"1":{"start":{"line":5,"column":45},"end":{"line":5,"column":52}},"2":{"start":{"line":7,"column":4},"end":{"line":7,"column":null}},"3":{"start":{"line":8,"column":4},"end":{"line":8,"column":null}},"4":{"start":{"line":9,"column":4},"end":{"line":9,"column":null}},"5":{"start":{"line":13,"column":5},"end":{"line":15,"column":null}},"6":{"start":{"line":14,"column":6},"end":{"line":14,"column":null}},"7":{"start":{"line":17,"column":4},"end":{"line":19,"column":null}},"8":{"start":{"line":18,"column":6},"end":{"line":18,"column":null}},"9":{"start":{"line":21,"column":4},"end":{"line":23,"column":null}},"10":{"start":{"line":22,"column":6},"end":{"line":22,"column":null}},"11":{"start":{"line":25,"column":4},"end":{"line":27,"column":null}},"12":{"start":{"line":26,"column":6},"end":{"line":26,"column":null}}},"fnMap":{"0":{"name":"(anonymous_0)","decl":{"start":{"line":2,"column":2},"end":{"line":2,"column":13}},"loc":{"start":{"line":2,"column":23},"end":{"line":10,"column":null}},"line":2},"1":{"name":"(anonymous_1)","decl":{"start":{"line":12,"column":2},"end":{"line":12,"column":16}},"loc":{"start":{"line":12,"column":51},"end":{"line":28,"column":null}},"line":12}},"branchMap":{"0":{"loc":{"start":{"line":13,"column":5},"end":{"line":15,"column":null}},"type":"if","locations":[{"start":{"line":13,"column":5},"end":{"line":15,"column":null}},{"start":{},"end":{}}],"line":13},"1":{"loc":{"start":{"line":13,"column":9},"end":{"line":13,"column":44}},"type":"binary-expr","locations":[{"start":{"line":13,"column":9},"end":{"line":13,"column":18}},{"start":{"line":13,"column":22},"end":{"line":13,"column":31}},{"start":{"line":13,"column":35},"end":{"line":13,"column":44}}],"line":13},"2":{"loc":{"start":{"line":17,"column":4},"end":{"line":19,"column":null}},"type":"if","locations":[{"start":{"line":17,"column":4},"end":{"line":19,"column":null}},{"start":{},"end":{}}],"line":17},"3":{"loc":{"start":{"line":17,"column":8},"end":{"line":17,"column":100}},"type":"binary-expr","locations":[{"start":{"line":17,"column":8},"end":{"line":17,"column":36}},{"start":{"line":17,"column":40},"end":{"line":17,"column":68}},{"start":{"line":17,"column":72},"end":{"line":17,"column":100}}],"line":17},"4":{"loc":{"start":{"line":21,"column":4},"end":{"line":23,"column":null}},"type":"if","locations":[{"start":{"line":21,"column":4},"end":{"line":23,"column":null}},{"start":{},"end":{}}],"line":21},"5":{"loc":{"start":{"line":25,"column":4},"end":{"line":27,"column":null}},"type":"if","locations":[{"start":{"line":25,"column":4},"end":{"line":27,"column":null}},{"start":{},"end":{}}],"line":25}},"s":{"0":9,"1":9,"2":9,"3":9,"4":9,"5":9,"6":1,"7":8,"8":1,"9":7,"10":1,"11":6,"12":1},"f":{"0":9,"1":9},"b":{"0":[1,8],"1":[9,8,8],"2":[1,7],"3":[8,8,8],"4":[1,6],"5":[1,5]},"meta":{"lastBranch":6,"lastFunction":2,"lastStatement":13,"seen":{"f:2:2:2:13":0,"s:3:4:3:Infinity":0,"s:5:45:5:52":1,"s:7:4:7:Infinity":2,"s:8:4:8:Infinity":3,"s:9:4:9:Infinity":4,"f:12:2:12:16":1,"b:13:5:15:Infinity:undefined:undefined:undefined:undefined":0,"s:13:5:15:Infinity":5,"b:13:9:13:18:13:22:13:31:13:35:13:44":1,"s:14:6:14:Infinity":6,"b:17:4:19:Infinity:undefined:undefined:undefined:undefined":2,"s:17:4:19:Infinity":7,"b:17:8:17:36:17:40:17:68:17:72:17:100":3,"s:18:6:18:Infinity":8,"b:21:4:23:Infinity:undefined:undefined:undefined:undefined":4,"s:21:4:23:Infinity":9,"s:22:6:22:Infinity":10,"b:25:4:27:Infinity:undefined:undefined:undefined:undefined":5,"s:25:4:27:Infinity":11,"s:26:6:26:Infinity":12}}}
,"/Users/rijalmyd/Documents/Documents - Rijal’s MacBook Air/auth-api/src/Domains/users/entities/RegisteredUser.js": {"path":"/Users/rijalmyd/Documents/Documents - Rijal’s MacBook Air/auth-api/src/Domains/users/entities/RegisteredUser.js","statementMap":{"0":{"start":{"line":3,"column":4},"end":{"line":3,"column":null}},"1":{"start":{"line":5,"column":39},"end":{"line":5,"column":46}},"2":{"start":{"line":7,"column":4},"end":{"line":7,"column":null}},"3":{"start":{"line":8,"column":4},"end":{"line":8,"column":null}},"4":{"start":{"line":9,"column":4},"end":{"line":9,"column":null}},"5":{"start":{"line":13,"column":4},"end":{"line":15,"column":null}},"6":{"start":{"line":14,"column":6},"end":{"line":14,"column":null}},"7":{"start":{"line":17,"column":4},"end":{"line":19,"column":null}},"8":{"start":{"line":18,"column":6},"end":{"line":18,"column":null}}},"fnMap":{"0":{"name":"(anonymous_0)","decl":{"start":{"line":2,"column":2},"end":{"line":2,"column":13}},"loc":{"start":{"line":2,"column":23},"end":{"line":10,"column":null}},"line":2},"1":{"name":"(anonymous_1)","decl":{"start":{"line":12,"column":2},"end":{"line":12,"column":16}},"loc":{"start":{"line":12,"column":45},"end":{"line":20,"column":null}},"line":12}},"branchMap":{"0":{"loc":{"start":{"line":13,"column":4},"end":{"line":15,"column":null}},"type":"if","locations":[{"start":{"line":13,"column":4},"end":{"line":15,"column":null}},{"start":{},"end":{}}],"line":13},"1":{"loc":{"start":{"line":13,"column":8},"end":{"line":13,"column":37}},"type":"binary-expr","locations":[{"start":{"line":13,"column":8},"end":{"line":13,"column":11}},{"start":{"line":13,"column":15},"end":{"line":13,"column":24}},{"start":{"line":13,"column":28},"end":{"line":13,"column":37}}],"line":13},"2":{"loc":{"start":{"line":17,"column":4},"end":{"line":19,"column":null}},"type":"if","locations":[{"start":{"line":17,"column":4},"end":{"line":19,"column":null}},{"start":{},"end":{}}],"line":17},"3":{"loc":{"start":{"line":17,"column":8},"end":{"line":17,"column":94}},"type":"binary-expr","locations":[{"start":{"line":17,"column":8},"end":{"line":17,"column":30}},{"start":{"line":17,"column":34},"end":{"line":17,"column":62}},{"start":{"line":17,"column":66},"end":{"line":17,"column":94}}],"line":17}},"s":{"0":4,"1":4,"2":4,"3":4,"4":4,"5":4,"6":0,"7":4,"8":0},"f":{"0":4,"1":4},"b":{"0":[0,4],"1":[4,4,4],"2":[0,4],"3":[4,4,4]},"meta":{"lastBranch":4,"lastFunction":2,"lastStatement":9,"seen":{"f:2:2:2:13":0,"s:3:4:3:Infinity":0,"s:5:39:5:46":1,"s:7:4:7:Infinity":2,"s:8:4:8:Infinity":3,"s:9:4:9:Infinity":4,"f:12:2:12:16":1,"b:13:4:15:Infinity:undefined:undefined:undefined:undefined":0,"s:13:4:15:Infinity":5,"b:13:8:13:11:13:15:13:24:13:28:13:37":1,"s:14:6:14:Infinity":6,"b:17:4:19:Infinity:undefined:undefined:undefined:undefined":2,"s:17:4:19:Infinity":7,"b:17:8:17:30:17:34:17:62:17:66:17:94":3,"s:18:6:18:Infinity":8}}}
,"/Users/rijalmyd/Documents/Documents - Rijal’s MacBook Air/auth-api/src/Domains/users/entities/UserLogin.js": {"path":"/Users/rijalmyd/Documents/Documents - Rijal’s MacBook Air/auth-api/src/Domains/users/entities/UserLogin.js","statementMap":{"0":{"start":{"line":3,"column":4},"end":{"line":3,"column":null}},"1":{"start":{"line":5,"column":35},"end":{"line":5,"column":42}},"2":{"start":{"line":7,"column":4},"end":{"line":7,"column":null}},"3":{"start":{"line":8,"column":4},"end":{"line":8,"column":null}},"4":{"start":{"line":12,"column":4},"end":{"line":14,"column":null}},"5":{"start":{"line":13,"column":6},"end":{"line":13,"column":null}},"6":{"start":{"line":16,"column":4},"end":{"line":18,"column":null}},"7":{"start":{"line":17,"column":6},"end":{"line":17,"column":null}},"8":{"start":{"line":20,"column":4},"end":{"line":22,"column":null}},"9":{"start":{"line":21,"column":6},"end":{"line":21,"column":null}},"10":{"start":{"line":24,"column":4},"end":{"line":26,"column":null}},"11":{"start":{"line":25,"column":6},"end":{"line":25,"column":null}}},"fnMap":{"0":{"name":"(anonymous_0)","decl":{"start":{"line":2,"column":2},"end":{"line":2,"column":13}},"loc":{"start":{"line":2,"column":23},"end":{"line":9,"column":null}},"line":2},"1":{"name":"(anonymous_1)","decl":{"start":{"line":11,"column":2},"end":{"line":11,"column":16}},"loc":{"start":{"line":11,"column":41},"end":{"line":27,"column":null}},"line":11}},"branchMap":{"0":{"loc":{"start":{"line":12,"column":4},"end":{"line":14,"column":null}},"type":"if","locations":[{"start":{"line":12,"column":4},"end":{"line":14,"column":null}},{"start":{},"end":{}}],"line":12},"1":{"loc":{"start":{"line":12,"column":8},"end":{"line":12,"column":30}},"type":"binary-expr","locations":[{"start":{"line":12,"column":8},"end":{"line":12,"column":17}},{"start":{"line":12,"column":21},"end":{"line":12,"column":30}}],"line":12},"2":{"loc":{"start":{"line":16,"column":4},"end":{"line":18,"column":null}},"type":"if","locations":[{"start":{"line":16,"column":4},"end":{"line":18,"column":null}},{"start":{},"end":{}}],"line":16},"3":{"loc":{"start":{"line":16,"column":8},"end":{"line":16,"column":68}},"type":"binary-expr","locations":[{"start":{"line":16,"column":8},"end":{"line":16,"column":36}},{"start":{"line":16,"column":40},"end":{"line":16,"column":68}}],"line":16},"4":{"loc":{"start":{"line":20,"column":4},"end":{"line":22,"column":null}},"type":"if","locations":[{"start":{"line":20,"column":4},"end":{"line":22,"column":null}},{"start":{},"end":{}}],"line":20},"5":{"loc":{"start":{"line":24,"column":4},"end":{"line":26,"column":null}},"type":"if","locations":[{"start":{"line":24,"column":4},"end":{"line":26,"column":null}},{"start":{},"end":{}}],"line":24}},"s":{"0":6,"1":6,"2":6,"3":6,"4":6,"5":1,"6":5,"7":1,"8":4,"9":0,"10":4,"11":0},"f":{"0":6,"1":6},"b":{"0":[1,5],"1":[6,6],"2":[1,4],"3":[5,4],"4":[0,4],"5":[0,4]},"meta":{"lastBranch":6,"lastFunction":2,"lastStatement":12,"seen":{"f:2:2:2:13":0,"s:3:4:3:Infinity":0,"s:5:35:5:42":1,"s:7:4:7:Infinity":2,"s:8:4:8:Infinity":3,"f:11:2:11:16":1,"b:12:4:14:Infinity:undefined:undefined:undefined:undefined":0,"s:12:4:14:Infinity":4,"b:12:8:12:17:12:21:12:30":1,"s:13:6:13:Infinity":5,"b:16:4:18:Infinity:undefined:undefined:undefined:undefined":2,"s:16:4:18:Infinity":6,"b:16:8:16:36:16:40:16:68":3,"s:17:6:17:Infinity":7,"b:20:4:22:Infinity:undefined:undefined:undefined:undefined":4,"s:20:4:22:Infinity":8,"s:21:6:21:Infinity":9,"b:24:4:26:Infinity:undefined:undefined:undefined:undefined":5,"s:24:4:26:Infinity":10,"s:25:6:25:Infinity":11}}}
,"/Users/rijalmyd/Documents/Documents - Rijal’s MacBook Air/auth-api/src/Infrastructures/http/createServer.js": {"path":"/Users/rijalmyd/Documents/Documents - Rijal’s MacBook Air/auth-api/src/Infrastructures/http/createServer.js","statementMap":{"0":{"start":{"line":7,"column":21},"end":{"line":36,"column":1}},"1":{"start":{"line":8,"column":13},"end":{"line":8,"column":23}},"2":{"start":{"line":10,"column":2},"end":{"line":10,"column":null}},"3":{"start":{"line":11,"column":2},"end":{"line":11,"column":null}},"4":{"start":{"line":12,"column":2},"end":{"line":12,"column":null}},"5":{"start":{"line":13,"column":2},"end":{"line":18,"column":null}},"6":{"start":{"line":14,"column":4},"end":{"line":17,"column":null}},"7":{"start":{"line":19,"column":2},"end":{"line":33,"column":null}},"8":{"start":{"line":20,"column":28},"end":{"line":20,"column":64}},"9":{"start":{"line":22,"column":4},"end":{"line":27,"column":null}},"10":{"start":{"line":23,"column":6},"end":{"line":26,"column":null}},"11":{"start":{"line":29,"column":4},"end":{"line":32,"column":null}},"12":{"start":{"line":35,"column":2},"end":{"line":35,"column":null}}},"fnMap":{"0":{"name":"(anonymous_0)","decl":{"start":{"line":7,"column":21},"end":{"line":7,"column":26}},"loc":{"start":{"line":7,"column":42},"end":{"line":36,"column":1}},"line":7},"1":{"name":"(anonymous_1)","decl":{"start":{"line":13,"column":10},"end":{"line":13,"column":11}},"loc":{"start":{"line":13,"column":24},"end":{"line":18,"column":3}},"line":13},"2":{"name":"(anonymous_2)","decl":{"start":{"line":19,"column":10},"end":{"line":19,"column":11}},"loc":{"start":{"line":19,"column":36},"end":{"line":33,"column":3}},"line":19}},"branchMap":{"0":{"loc":{"start":{"line":22,"column":4},"end":{"line":27,"column":null}},"type":"if","locations":[{"start":{"line":22,"column":4},"end":{"line":27,"column":null}},{"start":{},"end":{}}],"line":22}},"s":{"0":1,"1":22,"2":22,"3":22,"4":22,"5":22,"6":1,"7":22,"8":17,"9":17,"10":15,"11":2,"12":22},"f":{"0":22,"1":1,"2":17},"b":{"0":[15,2]},"meta":{"lastBranch":1,"lastFunction":3,"lastStatement":13,"seen":{"s:7:21:36:1":0,"f:7:21:7:26":0,"s:8:13:8:23":1,"s:10:2:10:Infinity":2,"s:11:2:11:Infinity":3,"s:12:2:12:Infinity":4,"s:13:2:18:Infinity":5,"f:13:10:13:11":1,"s:14:4:17:Infinity":6,"s:19:2:33:Infinity":7,"f:19:10:19:11":2,"s:20:28:20:64":8,"b:22:4:27:Infinity:undefined:undefined:undefined:undefined":0,"s:22:4:27:Infinity":9,"s:23:6:26:Infinity":10,"s:29:4:32:Infinity":11,"s:35:2:35:Infinity":12}}}
,"/Users/rijalmyd/Documents/Documents - Rijal’s MacBook Air/auth-api/src/Infrastructures/repository/AuthenticationRepositoryPostgres.js": {"path":"/Users/rijalmyd/Documents/Documents - Rijal’s MacBook Air/auth-api/src/Infrastructures/repository/AuthenticationRepositoryPostgres.js","statementMap":{"0":{"start":{"line":6,"column":4},"end":{"line":6,"column":null}},"1":{"start":{"line":7,"column":4},"end":{"line":7,"column":null}},"2":{"start":{"line":11,"column":18},"end":{"line":14,"column":5}},"3":{"start":{"line":16,"column":4},"end":{"line":16,"column":null}},"4":{"start":{"line":20,"column":18},"end":{"line":23,"column":5}},"5":{"start":{"line":25,"column":19},"end":{"line":25,"column":48}},"6":{"start":{"line":27,"column":4},"end":{"line":29,"column":null}},"7":{"start":{"line":28,"column":6},"end":{"line":28,"column":null}},"8":{"start":{"line":33,"column":18},"end":{"line":36,"column":5}},"9":{"start":{"line":38,"column":4},"end":{"line":38,"column":null}}},"fnMap":{"0":{"name":"(anonymous_0)","decl":{"start":{"line":5,"column":2},"end":{"line":5,"column":13}},"loc":{"start":{"line":5,"column":20},"end":{"line":8,"column":null}},"line":5},"1":{"name":"(anonymous_1)","decl":{"start":{"line":10,"column":8},"end":{"line":10,"column":16}},"loc":{"start":{"line":10,"column":24},"end":{"line":17,"column":null}},"line":10},"2":{"name":"(anonymous_2)","decl":{"start":{"line":19,"column":8},"end":{"line":19,"column":30}},"loc":{"start":{"line":19,"column":38},"end":{"line":30,"column":null}},"line":19},"3":{"name":"(anonymous_3)","decl":{"start":{"line":32,"column":8},"end":{"line":32,"column":19}},"loc":{"start":{"line":32,"column":27},"end":{"line":39,"column":null}},"line":32}},"branchMap":{"0":{"loc":{"start":{"line":27,"column":4},"end":{"line":29,"column":null}},"type":"if","locations":[{"start":{"line":27,"column":4},"end":{"line":29,"column":null}},{"start":{},"end":{}}],"line":27}},"s":{"0":1,"1":1,"2":2,"3":2,"4":4,"5":4,"6":4,"7":2,"8":1,"9":1},"f":{"0":1,"1":2,"2":4,"3":1},"b":{"0":[2,2]},"meta":{"lastBranch":1,"lastFunction":4,"lastStatement":10,"seen":{"f:5:2:5:13":0,"s:6:4:6:Infinity":0,"s:7:4:7:Infinity":1,"f:10:8:10:16":1,"s:11:18:14:5":2,"s:16:4:16:Infinity":3,"f:19:8:19:30":2,"s:20:18:23:5":4,"s:25:19:25:48":5,"b:27:4:29:Infinity:undefined:undefined:undefined:undefined":0,"s:27:4:29:Infinity":6,"s:28:6:28:Infinity":7,"f:32:8:32:19":3,"s:33:18:36:5":8,"s:38:4:38:Infinity":9}}}
,"/Users/rijalmyd/Documents/Documents - Rijal’s MacBook Air/auth-api/src/Infrastructures/repository/UserRepositoryPostgres.js": {"path":"/Users/rijalmyd/Documents/Documents - Rijal’s MacBook Air/auth-api/src/Infrastructures/repository/UserRepositoryPostgres.js","statementMap":{"0":{"start":{"line":7,"column":4},"end":{"line":7,"column":null}},"1":{"start":{"line":8,"column":4},"end":{"line":8,"column":null}},"2":{"start":{"line":9,"column":4},"end":{"line":9,"column":null}},"3":{"start":{"line":13,"column":18},"end":{"line":16,"column":5}},"4":{"start":{"line":18,"column":19},"end":{"line":18,"column":48}},"5":{"start":{"line":20,"column":4},"end":{"line":22,"column":null}},"6":{"start":{"line":21,"column":6},"end":{"line":21,"column":null}},"7":{"start":{"line":26,"column":45},"end":{"line":26,"column":57}},"8":{"start":{"line":27,"column":15},"end":{"line":27,"column":44}},"9":{"start":{"line":29,"column":18},"end":{"line":32,"column":5}},"10":{"start":{"line":34,"column":19},"end":{"line":34,"column":48}},"11":{"start":{"line":36,"column":4},"end":{"line":36,"column":null}},"12":{"start":{"line":40,"column":18},"end":{"line":43,"column":5}},"13":{"start":{"line":45,"column":19},"end":{"line":45,"column":48}},"14":{"start":{"line":47,"column":4},"end":{"line":49,"column":null}},"15":{"start":{"line":48,"column":6},"end":{"line":48,"column":null}},"16":{"start":{"line":51,"column":4},"end":{"line":51,"column":null}}},"fnMap":{"0":{"name":"(anonymous_0)","decl":{"start":{"line":6,"column":2},"end":{"line":6,"column":13}},"loc":{"start":{"line":6,"column":33},"end":{"line":10,"column":null}},"line":6},"1":{"name":"(anonymous_1)","decl":{"start":{"line":12,"column":8},"end":{"line":12,"column":31}},"loc":{"start":{"line":12,"column":42},"end":{"line":23,"column":null}},"line":12},"2":{"name":"(anonymous_2)","decl":{"start":{"line":25,"column":8},"end":{"line":25,"column":15}},"loc":{"start":{"line":25,"column":30},"end":{"line":37,"column":null}},"line":25},"3":{"name":"(anonymous_3)","decl":{"start":{"line":39,"column":8},"end":{"line":39,"column":29}},"loc":{"start":{"line":39,"column":40},"end":{"line":52,"column":null}},"line":39}},"branchMap":{"0":{"loc":{"start":{"line":20,"column":4},"end":{"line":22,"column":null}},"type":"if","locations":[{"start":{"line":20,"column":4},"end":{"line":22,"column":null}},{"start":{},"end":{}}],"line":20},"1":{"loc":{"start":{"line":47,"column":4},"end":{"line":49,"column":null}},"type":"if","locations":[{"start":{"line":47,"column":4},"end":{"line":49,"column":null}},{"start":{},"end":{}}],"line":47}},"s":{"0":1,"1":1,"2":1,"3":5,"4":5,"5":5,"6":1,"7":4,"8":4,"9":4,"10":4,"11":4,"12":4,"13":4,"14":4,"15":1,"16":3},"f":{"0":1,"1":5,"2":4,"3":4},"b":{"0":[1,4],"1":[1,3]},"meta":{"lastBranch":2,"lastFunction":4,"lastStatement":17,"seen":{"f:6:2:6:13":0,"s:7:4:7:Infinity":0,"s:8:4:8:Infinity":1,"s:9:4:9:Infinity":2,"f:12:8:12:31":1,"s:13:18:16:5":3,"s:18:19:18:48":4,"b:20:4:22:Infinity:undefined:undefined:undefined:undefined":0,"s:20:4:22:Infinity":5,"s:21:6:21:Infinity":6,"f:25:8:25:15":2,"s:26:45:26:57":7,"s:27:15:27:44":8,"s:29:18:32:5":9,"s:34:19:34:48":10,"s:36:4:36:Infinity":11,"f:39:8:39:29":3,"s:40:18:43:5":12,"s:45:19:45:48":13,"b:47:4:49:Infinity:undefined:undefined:undefined:undefined":1,"s:47:4:49:Infinity":14,"s:48:6:48:Infinity":15,"s:51:4:51:Infinity":16}}}
,"/Users/rijalmyd/Documents/Documents - Rijal’s MacBook Air/auth-api/src/Infrastructures/security/BcryptPasswordHash.js": {"path":"/Users/rijalmyd/Documents/Documents - Rijal’s MacBook Air/auth-api/src/Infrastructures/security/BcryptPasswordHash.js","statementMap":{"0":{"start":{"line":6,"column":4},"end":{"line":6,"column":null}},"1":{"start":{"line":7,"column":4},"end":{"line":7,"column":null}},"2":{"start":{"line":8,"column":4},"end":{"line":8,"column":null}},"3":{"start":{"line":12,"column":4},"end":{"line":12,"column":null}},"4":{"start":{"line":16,"column":19},"end":{"line":16,"column":63}},"5":{"start":{"line":18,"column":4},"end":{"line":20,"column":null}},"6":{"start":{"line":19,"column":6},"end":{"line":19,"column":null}}},"fnMap":{"0":{"name":"(anonymous_0)","decl":{"start":{"line":5,"column":2},"end":{"line":5,"column":13}},"loc":{"start":{"line":5,"column":38},"end":{"line":9,"column":null}},"line":5},"1":{"name":"(anonymous_1)","decl":{"start":{"line":11,"column":8},"end":{"line":11,"column":12}},"loc":{"start":{"line":11,"column":23},"end":{"line":13,"column":null}},"line":11},"2":{"name":"(anonymous_2)","decl":{"start":{"line":15,"column":8},"end":{"line":15,"column":15}},"loc":{"start":{"line":15,"column":34},"end":{"line":21,"column":null}},"line":15}},"branchMap":{"0":{"loc":{"start":{"line":5,"column":22},"end":{"line":5,"column":36}},"type":"default-arg","locations":[{"start":{"line":5,"column":34},"end":{"line":5,"column":36}}],"line":5},"1":{"loc":{"start":{"line":18,"column":4},"end":{"line":20,"column":null}},"type":"if","locations":[{"start":{"line":18,"column":4},"end":{"line":20,"column":null}},{"start":{},"end":{}}],"line":18}},"s":{"0":1,"1":1,"2":1,"3":4,"4":3,"5":3,"6":1},"f":{"0":1,"1":4,"2":3},"b":{"0":[1],"1":[1,2]},"meta":{"lastBranch":2,"lastFunction":3,"lastStatement":7,"seen":{"f:5:2:5:13":0,"b:5:34:5:36":0,"s:6:4:6:Infinity":0,"s:7:4:7:Infinity":1,"s:8:4:8:Infinity":2,"f:11:8:11:12":1,"s:12:4:12:Infinity":3,"f:15:8:15:15":2,"s:16:19:16:63":4,"b:18:4:20:Infinity:undefined:undefined:undefined:undefined":1,"s:18:4:20:Infinity":5,"s:19:6:19:Infinity":6}}}
,"/Users/rijalmyd/Documents/Documents - Rijal’s MacBook Air/auth-api/src/Infrastructures/security/JwtAuthenticationTokenManager.js": {"path":"/Users/rijalmyd/Documents/Documents - Rijal’s MacBook Air/auth-api/src/Infrastructures/security/JwtAuthenticationTokenManager.js","statementMap":{"0":{"start":{"line":7,"column":4},"end":{"line":7,"column":null}},"1":{"start":{"line":8,"column":4},"end":{"line":8,"column":null}},"2":{"start":{"line":12,"column":4},"end":{"line":16,"column":null}},"3":{"start":{"line":20,"column":4},"end":{"line":20,"column":null}},"4":{"start":{"line":24,"column":4},"end":{"line":28,"column":null}},"5":{"start":{"line":25,"column":6},"end":{"line":25,"column":null}},"6":{"start":{"line":27,"column":6},"end":{"line":27,"column":null}},"7":{"start":{"line":32,"column":4},"end":{"line":32,"column":null}}},"fnMap":{"0":{"name":"(anonymous_0)","decl":{"start":{"line":6,"column":2},"end":{"line":6,"column":13}},"loc":{"start":{"line":6,"column":19},"end":{"line":9,"column":null}},"line":6},"1":{"name":"(anonymous_1)","decl":{"start":{"line":11,"column":8},"end":{"line":11,"column":25}},"loc":{"start":{"line":11,"column":35},"end":{"line":17,"column":null}},"line":11},"2":{"name":"(anonymous_2)","decl":{"start":{"line":19,"column":8},"end":{"line":19,"column":26}},"loc":{"start":{"line":19,"column":36},"end":{"line":21,"column":null}},"line":19},"3":{"name":"(anonymous_3)","decl":{"start":{"line":23,"column":8},"end":{"line":23,"column":26}},"loc":{"start":{"line":23,"column":34},"end":{"line":29,"column":null}},"line":23},"4":{"name":"(anonymous_4)","decl":{"start":{"line":31,"column":8},"end":{"line":31,"column":21}},"loc":{"start":{"line":31,"column":29},"end":{"line":33,"column":null}},"line":31}},"branchMap":{},"s":{"0":1,"1":1,"2":3,"3":3,"4":3,"5":3,"6":1,"7":1},"f":{"0":1,"1":3,"2":3,"3":3,"4":1},"b":{},"meta":{"lastBranch":0,"lastFunction":5,"lastStatement":8,"seen":{"f:6:2:6:13":0,"s:7:4:7:Infinity":0,"s:8:4:8:Infinity":1,"f:11:8:11:25":1,"s:12:4:16:Infinity":2,"f:19:8:19:26":2,"s:20:4:20:Infinity":3,"f:23:8:23:26":3,"s:24:4:28:Infinity":4,"s:25:6:25:Infinity":5,"s:27:6:27:Infinity":6,"f:31:8:31:21":4,"s:32:4:32:Infinity":7}}}
,"/Users/rijalmyd/Documents/Documents - Rijal’s MacBook Air/auth-api/src/Interfaces/http/api/authentications/controller.js": {"path":"/Users/rijalmyd/Documents/Documents - Rijal’s MacBook Air/auth-api/src/Interfaces/http/api/authentications/controller.js","statementMap":{"0":{"start":{"line":7,"column":4},"end":{"line":7,"column":null}},"1":{"start":{"line":9,"column":4},"end":{"line":9,"column":null}},"2":{"start":{"line":10,"column":4},"end":{"line":10,"column":null}},"3":{"start":{"line":11,"column":4},"end":{"line":11,"column":null}},"4":{"start":{"line":15,"column":4},"end":{"line":28,"column":null}},"5":{"start":{"line":16,"column":31},"end":{"line":16,"column":81}},"6":{"start":{"line":17,"column":44},"end":{"line":17,"column":84}},"7":{"start":{"line":19,"column":6},"end":{"line":25,"column":null}},"8":{"start":{"line":27,"column":6},"end":{"line":27,"column":null}},"9":{"start":{"line":32,"column":4},"end":{"line":44,"column":null}},"10":{"start":{"line":33,"column":43},"end":{"line":33,"column":105}},"11":{"start":{"line":34,"column":26},"end":{"line":34,"column":78}},"12":{"start":{"line":36,"column":6},"end":{"line":41,"column":null}},"13":{"start":{"line":43,"column":6},"end":{"line":43,"column":null}},"14":{"start":{"line":48,"column":4},"end":{"line":57,"column":null}},"15":{"start":{"line":49,"column":32},"end":{"line":49,"column":83}},"16":{"start":{"line":50,"column":6},"end":{"line":50,"column":null}},"17":{"start":{"line":52,"column":6},"end":{"line":54,"column":null}},"18":{"start":{"line":56,"column":6},"end":{"line":56,"column":null}}},"fnMap":{"0":{"name":"(anonymous_0)","decl":{"start":{"line":6,"column":2},"end":{"line":6,"column":13}},"loc":{"start":{"line":6,"column":25},"end":{"line":12,"column":null}},"line":6},"1":{"name":"(anonymous_1)","decl":{"start":{"line":14,"column":8},"end":{"line":14,"column":26}},"loc":{"start":{"line":14,"column":43},"end":{"line":29,"column":null}},"line":14},"2":{"name":"(anonymous_2)","decl":{"start":{"line":31,"column":8},"end":{"line":31,"column":25}},"loc":{"start":{"line":31,"column":42},"end":{"line":45,"column":null}},"line":31},"3":{"name":"(anonymous_3)","decl":{"start":{"line":47,"column":8},"end":{"line":47,"column":28}},"loc":{"start":{"line":47,"column":45},"end":{"line":58,"column":null}},"line":47}},"branchMap":{},"s":{"0":22,"1":22,"2":22,"3":22,"4":6,"5":6,"6":6,"7":2,"8":4,"9":5,"10":5,"11":5,"12":1,"13":4,"14":3,"15":3,"16":3,"17":1,"18":2},"f":{"0":22,"1":6,"2":5,"3":3},"b":{},"meta":{"lastBranch":0,"lastFunction":4,"lastStatement":19,"seen":{"f:6:2:6:13":0,"s:7:4:7:Infinity":0,"s:9:4:9:Infinity":1,"s:10:4:10:Infinity":2,"s:11:4:11:Infinity":3,"f:14:8:14:26":1,"s:15:4:28:Infinity":4,"s:16:31:16:81":5,"s:17:44:17:84":6,"s:19:6:25:Infinity":7,"s:27:6:27:Infinity":8,"f:31:8:31:25":2,"s:32:4:44:Infinity":9,"s:33:43:33:105":10,"s:34:26:34:78":11,"s:36:6:41:Infinity":12,"s:43:6:43:Infinity":13,"f:47:8:47:28":3,"s:48:4:57:Infinity":14,"s:49:32:49:83":15,"s:50:6:50:Infinity":16,"s:52:6:54:Infinity":17,"s:56:6:56:Infinity":18}}}
,"/Users/rijalmyd/Documents/Documents - Rijal’s MacBook Air/auth-api/src/Interfaces/http/api/authentications/index.js": {"path":"/Users/rijalmyd/Documents/Documents - Rijal’s MacBook Air/auth-api/src/Interfaces/http/api/authentications/index.js","statementMap":{"0":{"start":{"line":4,"column":24},"end":{"line":7,"column":1}},"1":{"start":{"line":5,"column":21},"end":{"line":5,"column":61}},"2":{"start":{"line":6,"column":2},"end":{"line":6,"column":null}}},"fnMap":{"0":{"name":"(anonymous_0)","decl":{"start":{"line":4,"column":24},"end":{"line":4,"column":25}},"loc":{"start":{"line":4,"column":39},"end":{"line":7,"column":1}},"line":4}},"branchMap":{},"s":{"0":1,"1":22,"2":22},"f":{"0":22},"b":{},"meta":{"lastBranch":0,"lastFunction":1,"lastStatement":3,"seen":{"s:4:24:7:1":0,"f:4:24:4:25":0,"s:5:21:5:61":1,"s:6:2:6:Infinity":2}}}
,"/Users/rijalmyd/Documents/Documents - Rijal’s MacBook Air/auth-api/src/Interfaces/http/api/authentications/routes.js": {"path":"/Users/rijalmyd/Documents/Documents - Rijal’s MacBook Air/auth-api/src/Interfaces/http/api/authentications/routes.js","statementMap":{"0":{"start":{"line":3,"column":15},"end":{"line":11,"column":null}},"1":{"start":{"line":4,"column":16},"end":{"line":4,"column":25}},"2":{"start":{"line":6,"column":2},"end":{"line":6,"column":null}},"3":{"start":{"line":7,"column":2},"end":{"line":7,"column":null}},"4":{"start":{"line":8,"column":2},"end":{"line":8,"column":null}},"5":{"start":{"line":10,"column":2},"end":{"line":10,"column":null}}},"fnMap":{"0":{"name":"(anonymous_0)","decl":{"start":{"line":3,"column":15},"end":{"line":3,"column":16}},"loc":{"start":{"line":3,"column":31},"end":{"line":11,"column":null}},"line":3}},"branchMap":{},"s":{"0":1,"1":22,"2":22,"3":22,"4":22,"5":22},"f":{"0":22},"b":{},"meta":{"lastBranch":0,"lastFunction":1,"lastStatement":6,"seen":{"s:3:15:11:Infinity":0,"f:3:15:3:16":0,"s:4:16:4:25":1,"s:6:2:6:Infinity":2,"s:7:2:7:Infinity":3,"s:8:2:8:Infinity":4,"s:10:2:10:Infinity":5}}}
,"/Users/rijalmyd/Documents/Documents - Rijal’s MacBook Air/auth-api/src/Interfaces/http/api/users/controller.js": {"path":"/Users/rijalmyd/Documents/Documents - Rijal’s MacBook Air/auth-api/src/Interfaces/http/api/users/controller.js","statementMap":{"0":{"start":{"line":5,"column":4},"end":{"line":5,"column":null}},"1":{"start":{"line":7,"column":4},"end":{"line":7,"column":null}},"2":{"start":{"line":11,"column":27},"end":{"line":11,"column":75}},"3":{"start":{"line":12,"column":22},"end":{"line":12,"column":60}},"4":{"start":{"line":14,"column":4},"end":{"line":19,"column":null}}},"fnMap":{"0":{"name":"(anonymous_0)","decl":{"start":{"line":4,"column":2},"end":{"line":4,"column":13}},"loc":{"start":{"line":4,"column":25},"end":{"line":8,"column":null}},"line":4},"1":{"name":"(anonymous_1)","decl":{"start":{"line":10,"column":8},"end":{"line":10,"column":16}},"loc":{"start":{"line":10,"column":27},"end":{"line":20,"column":null}},"line":10}},"branchMap":{},"s":{"0":22,"1":22,"2":11,"3":11,"4":4},"f":{"0":22,"1":11},"b":{},"meta":{"lastBranch":0,"lastFunction":2,"lastStatement":5,"seen":{"f:4:2:4:13":0,"s:5:4:5:Infinity":0,"s:7:4:7:Infinity":1,"f:10:8:10:16":1,"s:11:27:11:75":2,"s:12:22:12:60":3,"s:14:4:19:Infinity":4}}}
,"/Users/rijalmyd/Documents/Documents - Rijal’s MacBook Air/auth-api/src/Interfaces/http/api/users/index.js": {"path":"/Users/rijalmyd/Documents/Documents - Rijal’s MacBook Air/auth-api/src/Interfaces/http/api/users/index.js","statementMap":{"0":{"start":{"line":4,"column":14},"end":{"line":8,"column":1}},"1":{"start":{"line":5,"column":26},"end":{"line":5,"column":56}},"2":{"start":{"line":7,"column":2},"end":{"line":7,"column":null}}},"fnMap":{"0":{"name":"(anonymous_0)","decl":{"start":{"line":4,"column":14},"end":{"line":4,"column":15}},"loc":{"start":{"line":4,"column":29},"end":{"line":8,"column":1}},"line":4}},"branchMap":{},"s":{"0":1,"1":22,"2":22},"f":{"0":22},"b":{},"meta":{"lastBranch":0,"lastFunction":1,"lastStatement":3,"seen":{"s:4:14:8:1":0,"f:4:14:4:15":0,"s:5:26:5:56":1,"s:7:2:7:Infinity":2}}}
,"/Users/rijalmyd/Documents/Documents - Rijal’s MacBook Air/auth-api/src/Interfaces/http/api/users/routes.js": {"path":"/Users/rijalmyd/Documents/Documents - Rijal’s MacBook Air/auth-api/src/Interfaces/http/api/users/routes.js","statementMap":{"0":{"start":{"line":3,"column":15},"end":{"line":9,"column":1}},"1":{"start":{"line":4,"column":16},"end":{"line":4,"column":25}},"2":{"start":{"line":6,"column":2},"end":{"line":6,"column":null}},"3":{"start":{"line":8,"column":2},"end":{"line":8,"column":null}}},"fnMap":{"0":{"name":"(anonymous_0)","decl":{"start":{"line":3,"column":15},"end":{"line":3,"column":16}},"loc":{"start":{"line":3,"column":31},"end":{"line":9,"column":1}},"line":3}},"branchMap":{},"s":{"0":1,"1":22,"2":22,"3":22},"f":{"0":22},"b":{},"meta":{"lastBranch":0,"lastFunction":1,"lastStatement":4,"seen":{"s:3:15:9:1":0,"f:3:15:3:16":0,"s:4:16:4:25":1,"s:6:2:6:Infinity":2,"s:8:2:8:Infinity":3}}}
}
